2016-12-02 09:24:46 INFO   addressbook.UserInputHandler mainMenu - User starts the Address Book
2016-12-02 09:24:50 FIN    addressbook.Printer printAnSortedList - User looked at an empty contact list
2016-12-02 09:24:51 INFO   addressbook.FileHandler saveToFile - Saving localContacts
2016-12-02 09:24:56 INFO   addressbook.FileHandler saveToFile - Saving localContacts
2016-12-02 09:25:01 INFO   addressbook.FileHandler saveToFile - Saving localContacts
2016-12-02 09:25:01 FIN    addressbook.Register addContact - User added a new contact
2016-12-02 09:25:06 INFO   addressbook.FileHandler saveToFile - Saving localContacts
2016-12-02 09:25:11 FIN    addressbook.Register addContact - User added a new contact
2016-12-02 09:25:11 INFO   addressbook.FileHandler saveToFile - Saving localContacts
2016-12-02 09:25:12 FIN    addressbook.Printer printAnSortedList - User looked at a list of all localContacts
2016-12-02 09:25:16 INFO   addressbook.FileHandler saveToFile - Saving localContacts
2016-12-02 09:25:21 INFO   addressbook.FileHandler saveToFile - Saving localContacts
2016-12-02 09:25:21 INFO   addressbook.FileHandler saveToFile - Saving localContacts
2016-12-02 09:25:21 INFO   addressbook.Register quitProgram - User exits Address Book
2016-12-02 09:36:24 INFO   addressbook.UserInputHandler mainMenu - User starts the Address Book
2016-12-02 09:36:29 INFO   addressbook.FileHandler saveToFile - Saving localContacts
2016-12-02 09:36:34 INFO   addressbook.FileHandler saveToFile - Saving localContacts
2016-12-02 09:36:39 INFO   addressbook.FileHandler saveToFile - Saving localContacts
2016-12-02 09:36:44 INFO   addressbook.FileHandler saveToFile - Saving localContacts
2016-12-02 09:36:49 INFO   addressbook.FileHandler saveToFile - Saving localContacts
2016-12-02 09:36:54 INFO   addressbook.FileHandler saveToFile - Saving localContacts
2016-12-02 09:36:59 INFO   addressbook.FileHandler saveToFile - Saving localContacts
2016-12-02 09:37:04 INFO   addressbook.FileHandler saveToFile - Saving localContacts
2016-12-02 09:37:09 INFO   addressbook.FileHandler saveToFile - Saving localContacts
2016-12-02 09:37:14 INFO   addressbook.FileHandler saveToFile - Saving localContacts
2016-12-02 09:37:19 INFO   addressbook.FileHandler saveToFile - Saving localContacts
2016-12-02 09:37:24 INFO   addressbook.FileHandler saveToFile - Saving localContacts
2016-12-02 09:37:29 INFO   addressbook.FileHandler saveToFile - Saving localContacts
2016-12-02 09:37:34 INFO   addressbook.FileHandler saveToFile - Saving localContacts
2016-12-02 09:37:39 INFO   addressbook.FileHandler saveToFile - Saving localContacts
2016-12-02 09:37:44 INFO   addressbook.FileHandler saveToFile - Saving localContacts
2016-12-02 09:37:49 INFO   addressbook.FileHandler saveToFile - Saving localContacts
2016-12-02 09:37:54 INFO   addressbook.FileHandler saveToFile - Saving localContacts
2016-12-02 09:37:59 INFO   addressbook.FileHandler saveToFile - Saving localContacts
2016-12-02 09:38:04 INFO   addressbook.FileHandler saveToFile - Saving localContacts
2016-12-02 09:38:09 INFO   addressbook.FileHandler saveToFile - Saving localContacts
2016-12-02 09:38:14 INFO   addressbook.FileHandler saveToFile - Saving localContacts
2016-12-02 09:38:19 INFO   addressbook.FileHandler saveToFile - Saving localContacts
2016-12-02 09:38:24 INFO   addressbook.FileHandler saveToFile - Saving localContacts
2016-12-02 09:38:29 INFO   addressbook.FileHandler saveToFile - Saving localContacts
2016-12-02 09:38:34 INFO   addressbook.FileHandler saveToFile - Saving localContacts
2016-12-02 09:38:39 INFO   addressbook.FileHandler saveToFile - Saving localContacts
2016-12-02 09:38:44 INFO   addressbook.FileHandler saveToFile - Saving localContacts
2016-12-02 09:38:49 INFO   addressbook.FileHandler saveToFile - Saving localContacts
2016-12-02 09:38:54 INFO   addressbook.FileHandler saveToFile - Saving localContacts
2016-12-02 09:38:59 INFO   addressbook.FileHandler saveToFile - Saving localContacts
2016-12-02 09:39:04 INFO   addressbook.FileHandler saveToFile - Saving localContacts
2016-12-02 09:39:09 INFO   addressbook.FileHandler saveToFile - Saving localContacts
2016-12-02 09:39:14 INFO   addressbook.FileHandler saveToFile - Saving localContacts
2016-12-02 09:39:19 INFO   addressbook.FileHandler saveToFile - Saving localContacts
2016-12-02 09:39:24 INFO   addressbook.FileHandler saveToFile - Saving localContacts
2016-12-02 09:39:29 INFO   addressbook.FileHandler saveToFile - Saving localContacts
2016-12-02 09:39:34 INFO   addressbook.FileHandler saveToFile - Saving localContacts
2016-12-02 09:39:39 INFO   addressbook.FileHandler saveToFile - Saving localContacts
2016-12-02 09:39:44 INFO   addressbook.FileHandler saveToFile - Saving localContacts
2016-12-02 09:39:49 INFO   addressbook.FileHandler saveToFile - Saving localContacts
2016-12-02 09:39:54 INFO   addressbook.FileHandler saveToFile - Saving localContacts
2016-12-02 09:39:59 INFO   addressbook.FileHandler saveToFile - Saving localContacts
2016-12-02 09:40:04 INFO   addressbook.FileHandler saveToFile - Saving localContacts
2016-12-02 09:40:09 INFO   addressbook.FileHandler saveToFile - Saving localContacts
2016-12-02 09:40:14 INFO   addressbook.FileHandler saveToFile - Saving localContacts
2016-12-02 09:40:19 INFO   addressbook.FileHandler saveToFile - Saving localContacts
2016-12-02 09:40:24 INFO   addressbook.FileHandler saveToFile - Saving localContacts
2016-12-02 09:40:29 INFO   addressbook.FileHandler saveToFile - Saving localContacts
2016-12-02 09:40:34 INFO   addressbook.FileHandler saveToFile - Saving localContacts
2016-12-02 09:40:39 INFO   addressbook.FileHandler saveToFile - Saving localContacts
2016-12-02 09:40:44 INFO   addressbook.FileHandler saveToFile - Saving localContacts
2016-12-02 09:40:49 INFO   addressbook.FileHandler saveToFile - Saving localContacts
2016-12-02 09:40:54 INFO   addressbook.FileHandler saveToFile - Saving localContacts
2016-12-02 09:40:59 INFO   addressbook.FileHandler saveToFile - Saving localContacts
2016-12-02 09:41:04 INFO   addressbook.FileHandler saveToFile - Saving localContacts
2016-12-02 09:41:09 INFO   addressbook.FileHandler saveToFile - Saving localContacts
2016-12-02 09:41:14 INFO   addressbook.FileHandler saveToFile - Saving localContacts
2016-12-02 09:41:19 INFO   addressbook.FileHandler saveToFile - Saving localContacts
2016-12-02 09:41:24 INFO   addressbook.FileHandler saveToFile - Saving localContacts
2016-12-02 09:41:29 INFO   addressbook.FileHandler saveToFile - Saving localContacts
2016-12-02 09:41:34 INFO   addressbook.FileHandler saveToFile - Saving localContacts
2016-12-02 09:41:39 INFO   addressbook.FileHandler saveToFile - Saving localContacts
2016-12-02 09:41:44 INFO   addressbook.FileHandler saveToFile - Saving localContacts
2016-12-02 09:41:49 INFO   addressbook.FileHandler saveToFile - Saving localContacts
2016-12-02 09:41:54 INFO   addressbook.FileHandler saveToFile - Saving localContacts
2016-12-02 09:41:59 INFO   addressbook.FileHandler saveToFile - Saving localContacts
2016-12-02 09:42:04 INFO   addressbook.FileHandler saveToFile - Saving localContacts
2016-12-02 09:42:09 INFO   addressbook.FileHandler saveToFile - Saving localContacts
2016-12-02 09:42:14 INFO   addressbook.FileHandler saveToFile - Saving localContacts
2016-12-02 09:42:19 INFO   addressbook.FileHandler saveToFile - Saving localContacts
2016-12-02 09:42:24 INFO   addressbook.FileHandler saveToFile - Saving localContacts
2016-12-02 09:42:29 INFO   addressbook.FileHandler saveToFile - Saving localContacts
2016-12-02 09:42:34 INFO   addressbook.FileHandler saveToFile - Saving localContacts
2016-12-02 09:42:39 INFO   addressbook.FileHandler saveToFile - Saving localContacts
2016-12-02 09:42:44 INFO   addressbook.FileHandler saveToFile - Saving localContacts
2016-12-02 09:42:49 INFO   addressbook.FileHandler saveToFile - Saving localContacts
2016-12-02 09:42:54 INFO   addressbook.FileHandler saveToFile - Saving localContacts
2016-12-02 09:42:59 INFO   addressbook.FileHandler saveToFile - Saving localContacts
2016-12-02 09:43:04 INFO   addressbook.FileHandler saveToFile - Saving localContacts
2016-12-02 09:43:09 INFO   addressbook.FileHandler saveToFile - Saving localContacts
2016-12-02 09:43:14 INFO   addressbook.FileHandler saveToFile - Saving localContacts
2016-12-02 09:43:19 INFO   addressbook.FileHandler saveToFile - Saving localContacts
2016-12-02 09:43:24 INFO   addressbook.FileHandler saveToFile - Saving localContacts
2016-12-02 09:43:29 INFO   addressbook.FileHandler saveToFile - Saving localContacts
2016-12-02 09:43:34 INFO   addressbook.FileHandler saveToFile - Saving localContacts
2016-12-02 09:43:39 INFO   addressbook.FileHandler saveToFile - Saving localContacts
2016-12-02 09:43:44 INFO   addressbook.FileHandler saveToFile - Saving localContacts
2016-12-02 09:43:49 INFO   addressbook.FileHandler saveToFile - Saving localContacts
2016-12-02 09:43:54 INFO   addressbook.FileHandler saveToFile - Saving localContacts
2016-12-02 09:43:59 INFO   addressbook.FileHandler saveToFile - Saving localContacts
2016-12-02 09:44:04 INFO   addressbook.FileHandler saveToFile - Saving localContacts
2016-12-02 09:44:09 INFO   addressbook.FileHandler saveToFile - Saving localContacts
2016-12-02 09:44:14 INFO   addressbook.FileHandler saveToFile - Saving localContacts
2016-12-02 09:44:19 INFO   addressbook.FileHandler saveToFile - Saving localContacts
2016-12-02 09:44:24 INFO   addressbook.FileHandler saveToFile - Saving localContacts
2016-12-02 09:44:29 INFO   addressbook.FileHandler saveToFile - Saving localContacts
2016-12-02 09:44:34 INFO   addressbook.FileHandler saveToFile - Saving localContacts
2016-12-02 09:44:39 INFO   addressbook.FileHandler saveToFile - Saving localContacts
2016-12-02 09:44:44 INFO   addressbook.FileHandler saveToFile - Saving localContacts
2016-12-02 09:44:49 INFO   addressbook.FileHandler saveToFile - Saving localContacts
2016-12-02 09:44:54 INFO   addressbook.FileHandler saveToFile - Saving localContacts
2016-12-02 09:44:59 INFO   addressbook.FileHandler saveToFile - Saving localContacts
2016-12-02 09:45:04 INFO   addressbook.FileHandler saveToFile - Saving localContacts
2016-12-02 09:45:09 INFO   addressbook.FileHandler saveToFile - Saving localContacts
2016-12-02 09:45:14 INFO   addressbook.FileHandler saveToFile - Saving localContacts
2016-12-02 09:45:19 INFO   addressbook.FileHandler saveToFile - Saving localContacts
2016-12-02 09:45:24 INFO   addressbook.FileHandler saveToFile - Saving localContacts
2016-12-02 09:45:29 INFO   addressbook.FileHandler saveToFile - Saving localContacts
2016-12-02 09:45:34 INFO   addressbook.FileHandler saveToFile - Saving localContacts
2016-12-02 09:45:39 INFO   addressbook.FileHandler saveToFile - Saving localContacts
2016-12-02 09:45:44 INFO   addressbook.FileHandler saveToFile - Saving localContacts
2016-12-02 09:45:49 INFO   addressbook.FileHandler saveToFile - Saving localContacts
2016-12-02 09:45:54 INFO   addressbook.FileHandler saveToFile - Saving localContacts
2016-12-02 09:45:59 INFO   addressbook.FileHandler saveToFile - Saving localContacts
2016-12-02 09:46:04 INFO   addressbook.FileHandler saveToFile - Saving localContacts
2016-12-02 09:46:09 INFO   addressbook.FileHandler saveToFile - Saving localContacts
2016-12-02 09:46:14 INFO   addressbook.FileHandler saveToFile - Saving localContacts
2016-12-02 09:46:19 INFO   addressbook.FileHandler saveToFile - Saving localContacts
2016-12-02 09:46:24 INFO   addressbook.FileHandler saveToFile - Saving localContacts
2016-12-02 09:46:29 INFO   addressbook.FileHandler saveToFile - Saving localContacts
2016-12-02 09:46:34 INFO   addressbook.FileHandler saveToFile - Saving localContacts
2016-12-02 09:46:39 INFO   addressbook.FileHandler saveToFile - Saving localContacts
2016-12-02 09:46:44 INFO   addressbook.FileHandler saveToFile - Saving localContacts
2016-12-02 09:46:49 INFO   addressbook.FileHandler saveToFile - Saving localContacts
2016-12-02 09:46:54 INFO   addressbook.FileHandler saveToFile - Saving localContacts
2016-12-02 09:46:59 INFO   addressbook.FileHandler saveToFile - Saving localContacts
2016-12-02 09:47:04 INFO   addressbook.FileHandler saveToFile - Saving localContacts
2016-12-02 09:47:09 INFO   addressbook.FileHandler saveToFile - Saving localContacts
2016-12-02 09:47:14 INFO   addressbook.FileHandler saveToFile - Saving localContacts
2016-12-02 09:47:19 INFO   addressbook.FileHandler saveToFile - Saving localContacts
2016-12-02 09:47:24 INFO   addressbook.FileHandler saveToFile - Saving localContacts
2016-12-02 09:47:29 INFO   addressbook.FileHandler saveToFile - Saving localContacts
2016-12-02 09:47:34 INFO   addressbook.FileHandler saveToFile - Saving localContacts
2016-12-02 09:47:39 INFO   addressbook.FileHandler saveToFile - Saving localContacts
2016-12-02 09:47:44 INFO   addressbook.FileHandler saveToFile - Saving localContacts
2016-12-02 09:47:49 INFO   addressbook.FileHandler saveToFile - Saving localContacts
2016-12-02 09:47:54 INFO   addressbook.FileHandler saveToFile - Saving localContacts
2016-12-02 09:47:59 INFO   addressbook.FileHandler saveToFile - Saving localContacts
2016-12-02 09:48:04 INFO   addressbook.FileHandler saveToFile - Saving localContacts
2016-12-02 09:48:09 INFO   addressbook.FileHandler saveToFile - Saving localContacts
2016-12-02 09:48:14 INFO   addressbook.FileHandler saveToFile - Saving localContacts
2016-12-02 09:48:19 INFO   addressbook.FileHandler saveToFile - Saving localContacts
2016-12-02 09:48:24 INFO   addressbook.FileHandler saveToFile - Saving localContacts
2016-12-02 09:48:29 INFO   addressbook.FileHandler saveToFile - Saving localContacts
2016-12-02 09:48:34 INFO   addressbook.FileHandler saveToFile - Saving localContacts
2016-12-02 09:48:39 INFO   addressbook.FileHandler saveToFile - Saving localContacts
2016-12-02 09:48:44 INFO   addressbook.FileHandler saveToFile - Saving localContacts
2016-12-02 09:48:49 INFO   addressbook.FileHandler saveToFile - Saving localContacts
2016-12-02 09:48:54 INFO   addressbook.FileHandler saveToFile - Saving localContacts
2016-12-02 09:48:59 INFO   addressbook.FileHandler saveToFile - Saving localContacts
2016-12-02 09:49:05 INFO   addressbook.FileHandler saveToFile - Saving localContacts
2016-12-02 09:49:10 INFO   addressbook.FileHandler saveToFile - Saving localContacts
2016-12-02 09:49:15 INFO   addressbook.FileHandler saveToFile - Saving localContacts
2016-12-02 09:49:20 INFO   addressbook.FileHandler saveToFile - Saving localContacts
2016-12-02 09:49:25 INFO   addressbook.FileHandler saveToFile - Saving localContacts
2016-12-02 09:49:30 INFO   addressbook.FileHandler saveToFile - Saving localContacts
2016-12-02 09:49:35 INFO   addressbook.FileHandler saveToFile - Saving localContacts
2016-12-02 09:49:40 INFO   addressbook.FileHandler saveToFile - Saving localContacts
2016-12-02 09:49:45 INFO   addressbook.FileHandler saveToFile - Saving localContacts
2016-12-02 09:49:50 INFO   addressbook.FileHandler saveToFile - Saving localContacts
2016-12-02 09:49:55 INFO   addressbook.FileHandler saveToFile - Saving localContacts
2016-12-02 09:50:00 INFO   addressbook.FileHandler saveToFile - Saving localContacts
2016-12-02 09:50:05 INFO   addressbook.FileHandler saveToFile - Saving localContacts
2016-12-02 09:50:10 INFO   addressbook.FileHandler saveToFile - Saving localContacts
2016-12-02 09:50:15 INFO   addressbook.FileHandler saveToFile - Saving localContacts
2016-12-02 09:50:20 INFO   addressbook.FileHandler saveToFile - Saving localContacts
2016-12-02 09:50:25 INFO   addressbook.FileHandler saveToFile - Saving localContacts
2016-12-02 09:50:30 INFO   addressbook.FileHandler saveToFile - Saving localContacts
2016-12-02 09:50:35 INFO   addressbook.FileHandler saveToFile - Saving localContacts
2016-12-02 09:50:40 INFO   addressbook.FileHandler saveToFile - Saving localContacts
2016-12-02 09:50:45 INFO   addressbook.FileHandler saveToFile - Saving localContacts
2016-12-02 09:50:50 INFO   addressbook.FileHandler saveToFile - Saving localContacts
2016-12-02 09:50:55 INFO   addressbook.FileHandler saveToFile - Saving localContacts
2016-12-02 09:51:00 INFO   addressbook.FileHandler saveToFile - Saving localContacts
2016-12-02 09:51:05 INFO   addressbook.FileHandler saveToFile - Saving localContacts
2016-12-02 09:51:10 INFO   addressbook.FileHandler saveToFile - Saving localContacts
2016-12-02 09:51:15 INFO   addressbook.FileHandler saveToFile - Saving localContacts
2016-12-02 09:51:20 INFO   addressbook.FileHandler saveToFile - Saving localContacts
2016-12-02 09:51:25 INFO   addressbook.FileHandler saveToFile - Saving localContacts
2016-12-02 09:51:30 INFO   addressbook.FileHandler saveToFile - Saving localContacts
2016-12-02 09:51:35 INFO   addressbook.FileHandler saveToFile - Saving localContacts
2016-12-02 09:51:40 INFO   addressbook.FileHandler saveToFile - Saving localContacts
2016-12-02 09:51:45 INFO   addressbook.FileHandler saveToFile - Saving localContacts
2016-12-02 09:51:50 INFO   addressbook.FileHandler saveToFile - Saving localContacts
2016-12-02 09:51:55 INFO   addressbook.FileHandler saveToFile - Saving localContacts
2016-12-02 09:52:00 INFO   addressbook.FileHandler saveToFile - Saving localContacts
2016-12-02 09:52:05 INFO   addressbook.FileHandler saveToFile - Saving localContacts
2016-12-02 09:52:10 INFO   addressbook.FileHandler saveToFile - Saving localContacts
2016-12-02 09:52:15 INFO   addressbook.FileHandler saveToFile - Saving localContacts
2016-12-02 09:52:20 INFO   addressbook.FileHandler saveToFile - Saving localContacts
2016-12-02 09:52:25 INFO   addressbook.FileHandler saveToFile - Saving localContacts
2016-12-02 09:52:30 INFO   addressbook.FileHandler saveToFile - Saving localContacts
2016-12-02 09:52:35 INFO   addressbook.FileHandler saveToFile - Saving localContacts
2016-12-02 09:52:40 INFO   addressbook.FileHandler saveToFile - Saving localContacts
2016-12-02 09:52:45 INFO   addressbook.FileHandler saveToFile - Saving localContacts
2016-12-02 09:52:50 INFO   addressbook.FileHandler saveToFile - Saving localContacts
2016-12-02 09:52:55 INFO   addressbook.FileHandler saveToFile - Saving localContacts
2016-12-02 09:53:00 INFO   addressbook.FileHandler saveToFile - Saving localContacts
2016-12-02 09:53:05 INFO   addressbook.FileHandler saveToFile - Saving localContacts
2016-12-02 09:53:10 INFO   addressbook.FileHandler saveToFile - Saving localContacts
2016-12-02 09:53:15 INFO   addressbook.FileHandler saveToFile - Saving localContacts
2016-12-02 09:53:20 INFO   addressbook.FileHandler saveToFile - Saving localContacts
2016-12-02 09:53:25 INFO   addressbook.FileHandler saveToFile - Saving localContacts
2016-12-02 09:53:30 INFO   addressbook.FileHandler saveToFile - Saving localContacts
2016-12-02 09:53:35 INFO   addressbook.FileHandler saveToFile - Saving localContacts
2016-12-02 09:53:40 INFO   addressbook.FileHandler saveToFile - Saving localContacts
2016-12-02 09:53:45 INFO   addressbook.FileHandler saveToFile - Saving localContacts
2016-12-02 09:53:50 INFO   addressbook.FileHandler saveToFile - Saving localContacts
2016-12-02 09:53:55 INFO   addressbook.FileHandler saveToFile - Saving localContacts
2016-12-02 09:54:00 INFO   addressbook.FileHandler saveToFile - Saving localContacts
2016-12-02 09:54:05 INFO   addressbook.FileHandler saveToFile - Saving localContacts
2016-12-02 09:54:10 INFO   addressbook.FileHandler saveToFile - Saving localContacts
2016-12-02 09:54:15 INFO   addressbook.FileHandler saveToFile - Saving localContacts
2016-12-02 09:54:20 INFO   addressbook.FileHandler saveToFile - Saving localContacts
2016-12-02 09:54:25 INFO   addressbook.FileHandler saveToFile - Saving localContacts
2016-12-02 09:54:30 INFO   addressbook.FileHandler saveToFile - Saving localContacts
2016-12-02 09:54:35 INFO   addressbook.FileHandler saveToFile - Saving localContacts
2016-12-02 09:54:40 INFO   addressbook.FileHandler saveToFile - Saving localContacts
2016-12-02 09:54:45 INFO   addressbook.FileHandler saveToFile - Saving localContacts
2016-12-02 09:54:50 INFO   addressbook.FileHandler saveToFile - Saving localContacts
2016-12-02 09:54:55 INFO   addressbook.FileHandler saveToFile - Saving localContacts
2016-12-02 09:55:00 INFO   addressbook.FileHandler saveToFile - Saving localContacts
2016-12-02 09:55:05 INFO   addressbook.FileHandler saveToFile - Saving localContacts
2016-12-02 09:55:10 INFO   addressbook.FileHandler saveToFile - Saving localContacts
2016-12-02 09:55:15 INFO   addressbook.FileHandler saveToFile - Saving localContacts
2016-12-02 09:55:20 INFO   addressbook.FileHandler saveToFile - Saving localContacts
2016-12-02 09:55:25 INFO   addressbook.FileHandler saveToFile - Saving localContacts
2016-12-02 09:55:30 INFO   addressbook.FileHandler saveToFile - Saving localContacts
2016-12-02 09:55:35 INFO   addressbook.FileHandler saveToFile - Saving localContacts
2016-12-02 09:55:40 INFO   addressbook.FileHandler saveToFile - Saving localContacts
2016-12-02 09:55:45 INFO   addressbook.FileHandler saveToFile - Saving localContacts
2016-12-02 09:55:50 INFO   addressbook.FileHandler saveToFile - Saving localContacts
2016-12-02 09:55:55 INFO   addressbook.FileHandler saveToFile - Saving localContacts
2016-12-02 09:56:00 INFO   addressbook.FileHandler saveToFile - Saving localContacts
2016-12-02 09:56:05 INFO   addressbook.FileHandler saveToFile - Saving localContacts
2016-12-02 09:56:10 INFO   addressbook.FileHandler saveToFile - Saving localContacts
2016-12-02 09:56:15 INFO   addressbook.FileHandler saveToFile - Saving localContacts
2016-12-02 09:56:20 INFO   addressbook.FileHandler saveToFile - Saving localContacts
2016-12-02 09:56:25 INFO   addressbook.FileHandler saveToFile - Saving localContacts
2016-12-02 09:56:30 INFO   addressbook.FileHandler saveToFile - Saving localContacts
2016-12-02 09:56:35 INFO   addressbook.FileHandler saveToFile - Saving localContacts
2016-12-02 09:56:40 INFO   addressbook.FileHandler saveToFile - Saving localContacts
2016-12-02 09:56:45 INFO   addressbook.FileHandler saveToFile - Saving localContacts
2016-12-02 09:56:50 INFO   addressbook.FileHandler saveToFile - Saving localContacts
2016-12-02 09:56:55 INFO   addressbook.FileHandler saveToFile - Saving localContacts
2016-12-02 09:57:00 INFO   addressbook.FileHandler saveToFile - Saving localContacts
2016-12-02 09:57:05 INFO   addressbook.FileHandler saveToFile - Saving localContacts
2016-12-02 09:57:10 INFO   addressbook.FileHandler saveToFile - Saving localContacts
2016-12-02 09:57:15 INFO   addressbook.FileHandler saveToFile - Saving localContacts
2016-12-02 09:57:20 INFO   addressbook.FileHandler saveToFile - Saving localContacts
2016-12-02 09:57:25 INFO   addressbook.FileHandler saveToFile - Saving localContacts
2016-12-02 09:57:30 INFO   addressbook.FileHandler saveToFile - Saving localContacts
2016-12-02 09:57:35 INFO   addressbook.FileHandler saveToFile - Saving localContacts
2016-12-02 09:57:40 INFO   addressbook.FileHandler saveToFile - Saving localContacts
2016-12-02 09:57:45 INFO   addressbook.FileHandler saveToFile - Saving localContacts
2016-12-02 09:57:50 INFO   addressbook.FileHandler saveToFile - Saving localContacts
2016-12-02 09:57:55 INFO   addressbook.FileHandler saveToFile - Saving localContacts
2016-12-02 09:58:00 INFO   addressbook.FileHandler saveToFile - Saving localContacts
2016-12-02 09:58:05 INFO   addressbook.FileHandler saveToFile - Saving localContacts
2016-12-02 09:58:10 INFO   addressbook.FileHandler saveToFile - Saving localContacts
2016-12-02 09:58:15 INFO   addressbook.FileHandler saveToFile - Saving localContacts
2016-12-02 09:58:20 INFO   addressbook.FileHandler saveToFile - Saving localContacts
2016-12-02 09:58:25 INFO   addressbook.FileHandler saveToFile - Saving localContacts
2016-12-02 09:58:30 INFO   addressbook.FileHandler saveToFile - Saving localContacts
2016-12-02 09:58:35 INFO   addressbook.FileHandler saveToFile - Saving localContacts
2016-12-02 09:58:40 INFO   addressbook.FileHandler saveToFile - Saving localContacts
2016-12-02 09:58:45 INFO   addressbook.FileHandler saveToFile - Saving localContacts
2016-12-02 09:58:50 INFO   addressbook.FileHandler saveToFile - Saving localContacts
2016-12-02 09:58:55 INFO   addressbook.FileHandler saveToFile - Saving localContacts
2016-12-02 09:59:00 INFO   addressbook.FileHandler saveToFile - Saving localContacts
2016-12-02 09:59:05 INFO   addressbook.FileHandler saveToFile - Saving localContacts
2016-12-02 09:59:10 INFO   addressbook.FileHandler saveToFile - Saving localContacts
2016-12-02 09:59:15 INFO   addressbook.FileHandler saveToFile - Saving localContacts
2016-12-02 09:59:20 INFO   addressbook.FileHandler saveToFile - Saving localContacts
2016-12-02 09:59:25 INFO   addressbook.FileHandler saveToFile - Saving localContacts
2016-12-02 09:59:30 INFO   addressbook.FileHandler saveToFile - Saving localContacts
2016-12-02 09:59:35 INFO   addressbook.FileHandler saveToFile - Saving localContacts
2016-12-02 09:59:40 INFO   addressbook.FileHandler saveToFile - Saving localContacts
2016-12-02 09:59:45 INFO   addressbook.FileHandler saveToFile - Saving localContacts
2016-12-02 09:59:50 INFO   addressbook.FileHandler saveToFile - Saving localContacts
2016-12-02 09:59:55 INFO   addressbook.FileHandler saveToFile - Saving localContacts
2016-12-02 10:00:00 INFO   addressbook.FileHandler saveToFile - Saving localContacts
2016-12-02 10:00:05 INFO   addressbook.FileHandler saveToFile - Saving localContacts
2016-12-02 10:00:10 INFO   addressbook.FileHandler saveToFile - Saving localContacts
2016-12-02 10:00:15 INFO   addressbook.FileHandler saveToFile - Saving localContacts
2016-12-02 10:00:20 INFO   addressbook.FileHandler saveToFile - Saving localContacts
2016-12-02 10:00:25 INFO   addressbook.FileHandler saveToFile - Saving localContacts
2016-12-02 10:00:30 INFO   addressbook.FileHandler saveToFile - Saving localContacts
2016-12-02 10:00:35 INFO   addressbook.FileHandler saveToFile - Saving localContacts
2016-12-02 10:00:40 INFO   addressbook.FileHandler saveToFile - Saving localContacts
2016-12-02 10:00:45 INFO   addressbook.FileHandler saveToFile - Saving localContacts
2016-12-02 10:00:51 INFO   addressbook.UserInputHandler mainMenu - User starts the Address Book
2016-12-02 10:00:54 FIN    addressbook.Printer printAnSortedList - User looked at a list of all localContacts
2016-12-02 10:00:56 INFO   addressbook.FileHandler saveToFile - Saving localContacts
2016-12-02 10:01:01 INFO   addressbook.FileHandler saveToFile - Saving localContacts
2016-12-02 10:01:06 INFO   addressbook.FileHandler saveToFile - Saving localContacts
2016-12-02 10:01:11 INFO   addressbook.FileHandler saveToFile - Saving localContacts
2016-12-02 10:01:16 INFO   addressbook.FileHandler saveToFile - Saving localContacts
2016-12-02 10:01:21 INFO   addressbook.FileHandler saveToFile - Saving localContacts
2016-12-02 10:01:26 INFO   addressbook.FileHandler saveToFile - Saving localContacts
2016-12-02 10:01:31 INFO   addressbook.FileHandler saveToFile - Saving localContacts
2016-12-02 10:01:36 INFO   addressbook.FileHandler saveToFile - Saving localContacts
2016-12-02 10:01:41 INFO   addressbook.FileHandler saveToFile - Saving localContacts
2016-12-02 10:01:46 INFO   addressbook.FileHandler saveToFile - Saving localContacts
2016-12-02 10:01:51 INFO   addressbook.FileHandler saveToFile - Saving localContacts
2016-12-02 10:01:56 INFO   addressbook.FileHandler saveToFile - Saving localContacts
2016-12-02 10:02:01 INFO   addressbook.UserInputHandler mainMenu - User starts the Address Book
2016-12-02 10:02:05 FIN    addressbook.Printer printAnSortedList - User looked at a list of all localContacts
2016-12-02 10:02:06 INFO   addressbook.FileHandler saveToFile - Saving localContacts
2016-12-02 10:02:11 INFO   addressbook.FileHandler saveToFile - Saving localContacts
2016-12-02 10:04:04 INFO   addressbook.UserInputHandler mainMenu - User starts the Address Book
2016-12-02 10:04:06 FIN    addressbook.Printer printAnSortedList - User looked at a list of all localContacts
2016-12-02 10:04:09 INFO   addressbook.FileHandler saveToFile - Saving localContacts
2016-12-02 10:04:14 INFO   addressbook.FileHandler saveToFile - Saving localContacts
2016-12-02 10:04:19 INFO   addressbook.FileHandler saveToFile - Saving localContacts
2016-12-02 10:04:24 INFO   addressbook.FileHandler saveToFile - Saving localContacts
2016-12-02 10:04:29 INFO   addressbook.FileHandler saveToFile - Saving localContacts
2016-12-02 10:13:24 INFO   addressbook.Program run - User starts the Address Book
2016-12-02 10:13:28 FIN    addressbook.Printer printAnSortedList - User looked at a list of all localContacts
2016-12-02 10:13:29 INFO   addressbook.FileHandler saveToFile - Saving localContacts
2016-12-02 10:13:34 INFO   addressbook.FileHandler saveToFile - Saving localContacts
2016-12-02 10:13:36 INFO   addressbook.FileHandler saveToFile - Saving localContacts
2016-12-02 10:13:36 INFO   addressbook.Register quitProgram - User exits Address Book
2016-12-02 10:14:26 INFO   addressbook.Program run - User starts the Address Book
2016-12-02 10:14:30 FIN    addressbook.Printer printAnSortedList - User looked at a list of all localContacts
2016-12-02 10:14:31 INFO   addressbook.FileHandler saveToFile - Saving localContacts
2016-12-02 10:14:36 INFO   addressbook.FileHandler saveToFile - Saving localContacts
2016-12-02 10:14:41 INFO   addressbook.FileHandler saveToFile - Saving localContacts
2016-12-02 10:14:46 INFO   addressbook.FileHandler saveToFile - Saving localContacts
2016-12-02 10:14:51 INFO   addressbook.FileHandler saveToFile - Saving localContacts
2016-12-02 10:14:56 INFO   addressbook.FileHandler saveToFile - Saving localContacts
2016-12-02 10:15:01 INFO   addressbook.FileHandler saveToFile - Saving localContacts
2016-12-02 10:15:06 INFO   addressbook.FileHandler saveToFile - Saving localContacts
2016-12-02 10:15:11 INFO   addressbook.FileHandler saveToFile - Saving localContacts
2016-12-02 10:15:16 INFO   addressbook.FileHandler saveToFile - Saving localContacts
2016-12-02 10:15:21 INFO   addressbook.FileHandler saveToFile - Saving localContacts
2016-12-02 10:15:26 INFO   addressbook.FileHandler saveToFile - Saving localContacts
2016-12-02 10:15:31 INFO   addressbook.FileHandler saveToFile - Saving localContacts
2016-12-02 10:15:36 INFO   addressbook.FileHandler saveToFile - Saving localContacts
2016-12-02 10:15:41 INFO   addressbook.FileHandler saveToFile - Saving localContacts
2016-12-02 10:15:46 INFO   addressbook.FileHandler saveToFile - Saving localContacts
2016-12-02 10:15:51 INFO   addressbook.FileHandler saveToFile - Saving localContacts
2016-12-02 10:15:57 INFO   addressbook.FileHandler saveToFile - Saving localContacts
2016-12-02 10:16:02 INFO   addressbook.FileHandler saveToFile - Saving localContacts
2016-12-02 10:16:07 INFO   addressbook.FileHandler saveToFile - Saving localContacts
2016-12-02 10:16:12 INFO   addressbook.FileHandler saveToFile - Saving localContacts
2016-12-02 10:16:17 INFO   addressbook.FileHandler saveToFile - Saving localContacts
2016-12-02 10:16:22 INFO   addressbook.FileHandler saveToFile - Saving localContacts
2016-12-02 10:16:27 INFO   addressbook.FileHandler saveToFile - Saving localContacts
2016-12-02 10:16:32 INFO   addressbook.FileHandler saveToFile - Saving localContacts
2016-12-02 10:16:37 INFO   addressbook.FileHandler saveToFile - Saving localContacts
2016-12-02 10:16:42 INFO   addressbook.FileHandler saveToFile - Saving localContacts
2016-12-02 10:16:47 INFO   addressbook.FileHandler saveToFile - Saving localContacts
2016-12-02 10:16:52 INFO   addressbook.FileHandler saveToFile - Saving localContacts
2016-12-02 10:16:57 INFO   addressbook.FileHandler saveToFile - Saving localContacts
2016-12-02 10:17:02 INFO   addressbook.FileHandler saveToFile - Saving localContacts
2016-12-02 10:17:07 INFO   addressbook.FileHandler saveToFile - Saving localContacts
2016-12-02 10:17:12 INFO   addressbook.FileHandler saveToFile - Saving localContacts
2016-12-02 10:17:17 INFO   addressbook.FileHandler saveToFile - Saving localContacts
2016-12-02 10:17:22 INFO   addressbook.FileHandler saveToFile - Saving localContacts
2016-12-02 10:17:27 INFO   addressbook.FileHandler saveToFile - Saving localContacts
2016-12-02 10:17:32 INFO   addressbook.FileHandler saveToFile - Saving localContacts
2016-12-02 10:17:37 INFO   addressbook.FileHandler saveToFile - Saving localContacts
2016-12-02 10:17:42 INFO   addressbook.FileHandler saveToFile - Saving localContacts
2016-12-02 10:17:47 INFO   addressbook.FileHandler saveToFile - Saving localContacts
2016-12-02 10:17:52 INFO   addressbook.FileHandler saveToFile - Saving localContacts
2016-12-02 10:17:57 INFO   addressbook.FileHandler saveToFile - Saving localContacts
2016-12-02 10:18:02 INFO   addressbook.FileHandler saveToFile - Saving localContacts
2016-12-02 10:18:07 INFO   addressbook.FileHandler saveToFile - Saving localContacts
2016-12-02 10:18:13 INFO   addressbook.Program run - User starts the Address Book
2016-12-02 10:18:16 FIN    addressbook.Printer printAnSortedList - User looked at a list of all localContacts
2016-12-02 10:18:18 INFO   addressbook.FileHandler saveToFile - Saving localContacts
2016-12-02 10:18:23 INFO   addressbook.FileHandler saveToFile - Saving localContacts
2016-12-02 10:18:28 INFO   addressbook.FileHandler saveToFile - Saving localContacts
2016-12-02 10:18:33 INFO   addressbook.FileHandler saveToFile - Saving localContacts
2016-12-02 10:18:39 FIN    addressbook.Printer printAnSortedList - User looked at a list of all localContacts
2016-12-02 10:19:12 FIN    addressbook.Printer printAnSortedList - User looked at a list of all localContacts
2016-12-02 10:30:17 INFO   addressbook.UserInputHandler mainMenu - User starts the Address Book
2016-12-02 10:30:20 FIN    addressbook.Printer printAnSortedList - User looked at a list of all localContacts
2016-12-02 10:30:22 INFO   addressbook.FileHandler saveToFile - Saving localContacts
2016-12-02 10:30:27 INFO   addressbook.FileHandler saveToFile - Saving localContacts
2016-12-02 10:30:32 INFO   addressbook.FileHandler saveToFile - Saving localContacts
2016-12-02 10:30:37 INFO   addressbook.FileHandler saveToFile - Saving localContacts
2016-12-02 10:30:42 INFO   addressbook.UserInputHandler mainMenu - User starts the Address Book
2016-12-02 10:30:46 FIN    addressbook.Printer printAnSortedList - User looked at a list of all localContacts
2016-12-02 10:30:47 INFO   addressbook.FileHandler saveToFile - Saving localContacts
2016-12-02 10:30:52 INFO   addressbook.FileHandler saveToFile - Saving localContacts
2016-12-02 10:34:30 INFO   addressbook.UserInputHandler mainMenu - User starts the Address Book
2016-12-02 10:34:35 INFO   addressbook.FileHandler saveToFile - Saving localContacts
2016-12-02 10:34:40 INFO   addressbook.FileHandler saveToFile - Saving localContacts
2016-12-02 10:34:45 INFO   addressbook.FileHandler saveToFile - Saving localContacts
2016-12-02 10:34:50 INFO   addressbook.FileHandler saveToFile - Saving localContacts
2016-12-02 10:34:55 INFO   addressbook.FileHandler saveToFile - Saving localContacts
2016-12-02 10:35:00 INFO   addressbook.FileHandler saveToFile - Saving localContacts
2016-12-02 10:35:05 INFO   addressbook.FileHandler saveToFile - Saving localContacts
2016-12-02 10:35:10 INFO   addressbook.FileHandler saveToFile - Saving localContacts
2016-12-02 10:35:15 INFO   addressbook.FileHandler saveToFile - Saving localContacts
2016-12-02 10:35:20 INFO   addressbook.FileHandler saveToFile - Saving localContacts
2016-12-02 10:35:25 INFO   addressbook.FileHandler saveToFile - Saving localContacts
2016-12-02 10:35:30 INFO   addressbook.FileHandler saveToFile - Saving localContacts
2016-12-02 10:35:35 INFO   addressbook.FileHandler saveToFile - Saving localContacts
2016-12-02 10:35:40 INFO   addressbook.FileHandler saveToFile - Saving localContacts
2016-12-02 10:35:45 INFO   addressbook.FileHandler saveToFile - Saving localContacts
2016-12-02 10:35:50 INFO   addressbook.FileHandler saveToFile - Saving localContacts
2016-12-02 10:35:55 INFO   addressbook.FileHandler saveToFile - Saving localContacts
2016-12-02 10:36:00 INFO   addressbook.FileHandler saveToFile - Saving localContacts
2016-12-02 10:36:05 INFO   addressbook.FileHandler saveToFile - Saving localContacts
2016-12-02 10:36:10 INFO   addressbook.FileHandler saveToFile - Saving localContacts
2016-12-02 10:36:15 INFO   addressbook.FileHandler saveToFile - Saving localContacts
2016-12-02 10:36:20 INFO   addressbook.FileHandler saveToFile - Saving localContacts
2016-12-02 10:37:01 INFO   addressbook.UserInputHandler mainMenu - User starts the Address Book
2016-12-02 10:37:06 INFO   addressbook.FileHandler saveToFile - Saving localContacts
2016-12-02 10:37:11 INFO   addressbook.FileHandler saveToFile - Saving localContacts
2016-12-02 10:37:16 INFO   addressbook.FileHandler saveToFile - Saving localContacts
2016-12-02 10:37:21 INFO   addressbook.FileHandler saveToFile - Saving localContacts
2016-12-02 10:37:26 INFO   addressbook.FileHandler saveToFile - Saving localContacts
2016-12-02 10:37:31 INFO   addressbook.FileHandler saveToFile - Saving localContacts
2016-12-02 10:37:36 INFO   addressbook.FileHandler saveToFile - Saving localContacts
2016-12-02 10:37:41 INFO   addressbook.FileHandler saveToFile - Saving localContacts
2016-12-02 10:37:46 INFO   addressbook.FileHandler saveToFile - Saving localContacts
2016-12-02 10:37:51 INFO   addressbook.FileHandler saveToFile - Saving localContacts
2016-12-02 10:37:56 INFO   addressbook.FileHandler saveToFile - Saving localContacts
2016-12-02 10:38:01 INFO   addressbook.FileHandler saveToFile - Saving localContacts
2016-12-02 10:38:06 INFO   addressbook.FileHandler saveToFile - Saving localContacts
2016-12-02 10:38:11 INFO   addressbook.FileHandler saveToFile - Saving localContacts
2016-12-02 10:38:16 INFO   addressbook.FileHandler saveToFile - Saving localContacts
2016-12-02 10:38:21 INFO   addressbook.FileHandler saveToFile - Saving localContacts
2016-12-02 10:38:26 INFO   addressbook.FileHandler saveToFile - Saving localContacts
2016-12-02 10:38:31 INFO   addressbook.FileHandler saveToFile - Saving localContacts
2016-12-02 10:38:36 INFO   addressbook.FileHandler saveToFile - Saving localContacts
2016-12-02 10:38:41 INFO   addressbook.FileHandler saveToFile - Saving localContacts
2016-12-02 10:38:50 INFO   addressbook.UserInputHandler mainMenu - User starts the Address Book
2016-12-02 10:38:55 INFO   addressbook.FileHandler saveToFile - Saving localContacts
2016-12-02 10:38:56 FIN    addressbook.Printer printAnSortedList - User looked at a list of all localContacts
2016-12-02 10:39:00 INFO   addressbook.FileHandler saveToFile - Saving localContacts
2016-12-02 10:39:05 INFO   addressbook.FileHandler saveToFile - Saving localContacts
2016-12-02 10:39:10 INFO   addressbook.FileHandler saveToFile - Saving localContacts
2016-12-02 10:46:10 INFO   addressbook.UserInputHandler mainMenu - User starts the Address Book
2016-12-02 10:46:15 INFO   addressbook.FileHandler saveToFile - Saving localContacts
2016-12-02 10:46:20 INFO   addressbook.FileHandler saveToFile - Saving localContacts
2016-12-02 10:46:25 INFO   addressbook.FileHandler saveToFile - Saving localContacts
2016-12-02 10:46:30 INFO   addressbook.FileHandler saveToFile - Saving localContacts
2016-12-02 10:46:35 INFO   addressbook.FileHandler saveToFile - Saving localContacts
2016-12-02 10:46:40 INFO   addressbook.FileHandler saveToFile - Saving localContacts
2016-12-02 10:46:45 INFO   addressbook.FileHandler saveToFile - Saving localContacts
2016-12-02 10:46:50 INFO   addressbook.FileHandler saveToFile - Saving localContacts
2016-12-02 10:46:55 INFO   addressbook.FileHandler saveToFile - Saving localContacts
2016-12-02 10:47:00 INFO   addressbook.FileHandler saveToFile - Saving localContacts
2016-12-02 10:47:05 INFO   addressbook.FileHandler saveToFile - Saving localContacts
2016-12-02 10:47:10 INFO   addressbook.FileHandler saveToFile - Saving localContacts
2016-12-02 10:58:07 INFO   addressbook.UserInputHandler mainMenu - User starts the Address Book
2016-12-02 10:58:12 INFO   addressbook.FileHandler saveToFile - Saving localContacts
2016-12-02 10:58:17 INFO   addressbook.FileHandler saveToFile - Saving localContacts
2016-12-02 10:58:22 INFO   addressbook.FileHandler saveToFile - Saving localContacts
2016-12-02 10:58:27 INFO   addressbook.FileHandler saveToFile - Saving localContacts
2016-12-02 10:58:32 INFO   addressbook.FileHandler saveToFile - Saving localContacts
2016-12-02 10:58:37 INFO   addressbook.FileHandler saveToFile - Saving localContacts
2016-12-02 10:58:42 INFO   addressbook.FileHandler saveToFile - Saving localContacts
2016-12-02 10:58:47 INFO   addressbook.FileHandler saveToFile - Saving localContacts
2016-12-02 10:58:52 INFO   addressbook.FileHandler saveToFile - Saving localContacts
2016-12-02 10:58:57 INFO   addressbook.FileHandler saveToFile - Saving localContacts
2016-12-02 10:59:02 INFO   addressbook.FileHandler saveToFile - Saving localContacts
2016-12-02 10:59:07 INFO   addressbook.FileHandler saveToFile - Saving localContacts
2016-12-02 10:59:12 INFO   addressbook.FileHandler saveToFile - Saving localContacts
2016-12-02 10:59:17 INFO   addressbook.FileHandler saveToFile - Saving localContacts
2016-12-02 10:59:22 INFO   addressbook.FileHandler saveToFile - Saving localContacts
2016-12-02 10:59:27 INFO   addressbook.FileHandler saveToFile - Saving localContacts
2016-12-02 10:59:32 INFO   addressbook.FileHandler saveToFile - Saving localContacts
2016-12-02 10:59:37 INFO   addressbook.FileHandler saveToFile - Saving localContacts
2016-12-02 10:59:42 INFO   addressbook.FileHandler saveToFile - Saving localContacts
2016-12-02 10:59:47 INFO   addressbook.FileHandler saveToFile - Saving localContacts
2016-12-02 10:59:52 INFO   addressbook.FileHandler saveToFile - Saving localContacts
2016-12-02 10:59:57 INFO   addressbook.FileHandler saveToFile - Saving localContacts
2016-12-02 11:00:02 INFO   addressbook.FileHandler saveToFile - Saving localContacts
2016-12-02 11:00:07 INFO   addressbook.FileHandler saveToFile - Saving localContacts
2016-12-02 11:00:12 INFO   addressbook.FileHandler saveToFile - Saving localContacts
2016-12-02 11:00:17 INFO   addressbook.FileHandler saveToFile - Saving localContacts
2016-12-02 11:00:22 INFO   addressbook.FileHandler saveToFile - Saving localContacts
2016-12-02 11:00:27 INFO   addressbook.FileHandler saveToFile - Saving localContacts
2016-12-02 11:00:32 INFO   addressbook.FileHandler saveToFile - Saving localContacts
2016-12-02 11:00:37 INFO   addressbook.FileHandler saveToFile - Saving localContacts
2016-12-02 11:00:42 INFO   addressbook.FileHandler saveToFile - Saving localContacts
2016-12-02 11:00:47 INFO   addressbook.FileHandler saveToFile - Saving localContacts
2016-12-02 11:00:52 INFO   addressbook.FileHandler saveToFile - Saving localContacts
2016-12-02 11:00:57 INFO   addressbook.FileHandler saveToFile - Saving localContacts
2016-12-02 11:01:02 INFO   addressbook.FileHandler saveToFile - Saving localContacts
2016-12-02 11:06:45 INFO   addressbook.UserInputHandler mainMenu - User starts the Address Book
2016-12-02 11:06:50 INFO   addressbook.FileHandler saveToFile - Saving localContacts
2016-12-02 11:06:52 FIN    addressbook.Printer printAnSortedList - User looked at a list of all localContacts
2016-12-02 11:06:55 INFO   addressbook.FileHandler saveToFile - Saving localContacts
2016-12-02 11:07:00 INFO   addressbook.FileHandler saveToFile - Saving localContacts
2016-12-02 11:07:05 INFO   addressbook.FileHandler saveToFile - Saving localContacts
2016-12-02 11:07:10 INFO   addressbook.FileHandler saveToFile - Saving localContacts
2016-12-02 11:07:15 INFO   addressbook.FileHandler saveToFile - Saving localContacts
2016-12-02 11:10:28 INFO   addressbook.UserInputHandler mainMenu - User starts the Address Book
2016-12-02 11:10:32 FIN    addressbook.Printer printAnSortedList - User looked at a list of all localContacts
2016-12-02 11:10:33 INFO   addressbook.FileHandler saveToFile - Saving localContacts
2016-12-02 11:10:38 INFO   addressbook.FileHandler saveToFile - Saving localContacts
2016-12-02 11:10:43 INFO   addressbook.FileHandler saveToFile - Saving localContacts
2016-12-02 11:10:48 INFO   addressbook.FileHandler saveToFile - Saving localContacts
2016-12-02 11:10:53 INFO   addressbook.FileHandler saveToFile - Saving localContacts
2016-12-02 11:10:58 INFO   addressbook.FileHandler saveToFile - Saving localContacts
2016-12-02 11:11:03 INFO   addressbook.FileHandler saveToFile - Saving localContacts
2016-12-02 11:11:08 INFO   addressbook.FileHandler saveToFile - Saving localContacts
2016-12-02 11:11:13 INFO   addressbook.FileHandler saveToFile - Saving localContacts
2016-12-02 11:12:07 INFO   addressbook.UserInputHandler mainMenu - User starts the Address Book
2016-12-02 11:12:12 INFO   addressbook.FileHandler saveToFile - Saving localContacts
2016-12-02 11:12:17 INFO   addressbook.FileHandler saveToFile - Saving localContacts
2016-12-02 11:12:22 INFO   addressbook.FileHandler saveToFile - Saving localContacts
2016-12-02 11:14:42 INFO   addressbook.UserInputHandler mainMenu - User starts the Address Book
2016-12-02 11:15:32 INFO   addressbook.UserInputHandler mainMenu - User starts the Address Book
2016-12-02 11:15:34 INFO   addressbook.UserInputHandler mainMenu - User starts the Address Book
2016-12-02 11:15:39 INFO   addressbook.FileHandler saveToFile - Saving localContacts
2016-12-02 11:15:44 INFO   addressbook.FileHandler saveToFile - Saving localContacts
2016-12-02 11:15:49 INFO   addressbook.FileHandler saveToFile - Saving localContacts
2016-12-02 11:15:54 INFO   addressbook.FileHandler saveToFile - Saving localContacts
2016-12-02 11:15:59 INFO   addressbook.FileHandler saveToFile - Saving localContacts
2016-12-02 11:16:04 INFO   addressbook.FileHandler saveToFile - Saving localContacts
2016-12-02 11:16:09 INFO   addressbook.FileHandler saveToFile - Saving localContacts
2016-12-02 11:16:14 INFO   addressbook.FileHandler saveToFile - Saving localContacts
2016-12-02 11:16:18 INFO   addressbook.UserInputHandler mainMenu - User starts the Address Book
2016-12-02 11:17:11 INFO   addressbook.UserInputHandler mainMenu - User starts the Address Book
2016-12-02 11:17:16 INFO   addressbook.FileHandler saveToFile - Saving localContacts
2016-12-02 11:17:21 INFO   addressbook.FileHandler saveToFile - Saving localContacts
2016-12-02 11:17:25 FIN    addressbook.Printer printAnSortedList - User looked at a list of all localContacts
2016-12-02 11:17:26 INFO   addressbook.FileHandler saveToFile - Saving localContacts
2016-12-02 11:20:31 INFO   addressbook.UserInputHandler mainMenu - User starts the Address Book
2016-12-02 11:20:35 FIN    addressbook.Printer printAnSortedList - User looked at a list of all localContacts
2016-12-02 11:20:36 INFO   addressbook.FileHandler saveToFile - Saving localContacts
2016-12-02 11:21:51 INFO   addressbook.UserInputHandler mainMenu - User starts the Address Book
2016-12-02 11:21:56 INFO   addressbook.FileHandler saveToFile - Saving localContacts
2016-12-02 11:21:57 FIN    addressbook.Printer printAnSortedList - User looked at a list of all localContacts
2016-12-02 11:22:01 INFO   addressbook.FileHandler saveToFile - Saving localContacts
2016-12-02 11:22:06 INFO   addressbook.FileHandler saveToFile - Saving localContacts
2016-12-02 11:22:11 INFO   addressbook.FileHandler saveToFile - Saving localContacts
2016-12-02 11:25:21 INFO   addressbook.UserInputHandler mainMenu - User starts the Address Book
2016-12-02 11:25:26 FIN    addressbook.Printer printAnSortedList - User looked at a list of all localContacts
2016-12-02 11:25:26 INFO   addressbook.FileHandler saveToFile - Saving localContacts
2016-12-02 11:25:53 INFO   addressbook.UserInputHandler mainMenu - User starts the Address Book
2016-12-02 11:25:56 FIN    addressbook.Printer printAnSortedList - User looked at a list of all localContacts
2016-12-02 11:25:58 INFO   addressbook.FileHandler saveToFile - Saving localContacts
2016-12-02 11:26:07 INFO   addressbook.UserInputHandler mainMenu - User starts the Address Book
2016-12-02 11:26:12 INFO   addressbook.FileHandler saveToFile - Saving localContacts
2016-12-02 11:28:20 INFO   addressbook.UserInputHandler mainMenu - User starts the Address Book
2016-12-02 11:28:21 FIN    addressbook.Printer printAnSortedList - User looked at a list of all localContacts
2016-12-02 11:28:25 INFO   addressbook.FileHandler saveToFile - Saving localContacts
2016-12-02 11:28:30 INFO   addressbook.FileHandler saveToFile - Saving localContacts
2016-12-02 11:28:35 INFO   addressbook.UserInputHandler mainMenu - User starts the Address Book
2016-12-02 11:28:37 FIN    addressbook.Printer printAnSortedList - User looked at a list of all localContacts
2016-12-02 11:28:40 INFO   addressbook.FileHandler saveToFile - Saving localContacts
2016-12-02 11:28:45 INFO   addressbook.FileHandler saveToFile - Saving localContacts
2016-12-02 11:28:50 INFO   addressbook.FileHandler saveToFile - Saving localContacts
2016-12-02 11:28:55 FIN    addressbook.Register deleteContact - User tried to delete contact, but no contact found with input ID
2016-12-02 11:28:55 INFO   addressbook.FileHandler saveToFile - Saving localContacts
2016-12-02 11:29:00 INFO   addressbook.FileHandler saveToFile - Saving localContacts
2016-12-02 11:29:05 INFO   addressbook.FileHandler saveToFile - Saving localContacts
2016-12-02 11:29:10 INFO   addressbook.FileHandler saveToFile - Saving localContacts
2016-12-02 11:33:32 INFO   addressbook.UserInputHandler mainMenu - User starts the Address Book
2016-12-02 11:33:35 FIN    addressbook.Printer printAnSortedList - User looked at a list of all localContacts
2016-12-02 11:33:37 INFO   addressbook.FileHandler saveToFile - Saving localContacts
2016-12-02 11:33:42 INFO   addressbook.FileHandler saveToFile - Saving localContacts
2016-12-02 11:33:47 INFO   addressbook.FileHandler saveToFile - Saving localContacts
2016-12-02 11:33:47 FIN    addressbook.Register deleteContact - User tried to delete contact, but no contact found with input ID
2016-12-02 11:33:52 INFO   addressbook.FileHandler saveToFile - Saving localContacts
2016-12-02 11:33:57 INFO   addressbook.FileHandler saveToFile - Saving localContacts
2016-12-02 11:34:02 INFO   addressbook.FileHandler saveToFile - Saving localContacts
2016-12-02 11:34:07 INFO   addressbook.FileHandler saveToFile - Saving localContacts
2016-12-02 11:34:12 INFO   addressbook.FileHandler saveToFile - Saving localContacts
2016-12-02 11:34:17 INFO   addressbook.FileHandler saveToFile - Saving localContacts
2016-12-02 11:34:22 INFO   addressbook.FileHandler saveToFile - Saving localContacts
2016-12-02 11:34:27 INFO   addressbook.FileHandler saveToFile - Saving localContacts
2016-12-02 11:34:32 INFO   addressbook.FileHandler saveToFile - Saving localContacts
2016-12-02 11:34:37 INFO   addressbook.FileHandler saveToFile - Saving localContacts
2016-12-02 11:34:42 INFO   addressbook.FileHandler saveToFile - Saving localContacts
2016-12-02 11:34:47 INFO   addressbook.FileHandler saveToFile - Saving localContacts
2016-12-02 11:34:52 INFO   addressbook.FileHandler saveToFile - Saving localContacts
2016-12-02 11:34:57 INFO   addressbook.FileHandler saveToFile - Saving localContacts
2016-12-02 11:35:02 INFO   addressbook.FileHandler saveToFile - Saving localContacts
2016-12-02 11:35:07 INFO   addressbook.FileHandler saveToFile - Saving localContacts
2016-12-02 11:35:12 INFO   addressbook.FileHandler saveToFile - Saving localContacts
2016-12-02 11:35:17 INFO   addressbook.FileHandler saveToFile - Saving localContacts
2016-12-02 11:35:22 INFO   addressbook.FileHandler saveToFile - Saving localContacts
2016-12-02 11:35:27 INFO   addressbook.FileHandler saveToFile - Saving localContacts
2016-12-02 11:35:32 INFO   addressbook.FileHandler saveToFile - Saving localContacts
2016-12-02 11:35:37 INFO   addressbook.FileHandler saveToFile - Saving localContacts
2016-12-02 11:35:42 INFO   addressbook.FileHandler saveToFile - Saving localContacts
2016-12-02 11:35:47 INFO   addressbook.FileHandler saveToFile - Saving localContacts
2016-12-02 11:35:52 INFO   addressbook.FileHandler saveToFile - Saving localContacts
2016-12-02 11:35:57 INFO   addressbook.FileHandler saveToFile - Saving localContacts
2016-12-02 11:36:02 INFO   addressbook.FileHandler saveToFile - Saving localContacts
2016-12-02 11:36:07 INFO   addressbook.FileHandler saveToFile - Saving localContacts
2016-12-02 11:36:12 INFO   addressbook.FileHandler saveToFile - Saving localContacts
2016-12-02 11:36:17 INFO   addressbook.FileHandler saveToFile - Saving localContacts
2016-12-02 11:36:22 INFO   addressbook.FileHandler saveToFile - Saving localContacts
2016-12-02 11:36:27 INFO   addressbook.FileHandler saveToFile - Saving localContacts
2016-12-02 11:36:32 INFO   addressbook.FileHandler saveToFile - Saving localContacts
2016-12-02 11:36:37 INFO   addressbook.FileHandler saveToFile - Saving localContacts
2016-12-02 11:36:42 INFO   addressbook.FileHandler saveToFile - Saving localContacts
2016-12-02 11:36:47 INFO   addressbook.FileHandler saveToFile - Saving localContacts
2016-12-02 11:36:52 INFO   addressbook.FileHandler saveToFile - Saving localContacts
2016-12-02 11:36:57 INFO   addressbook.FileHandler saveToFile - Saving localContacts
2016-12-02 11:37:02 INFO   addressbook.FileHandler saveToFile - Saving localContacts
2016-12-02 11:37:07 INFO   addressbook.FileHandler saveToFile - Saving localContacts
2016-12-02 11:37:12 INFO   addressbook.FileHandler saveToFile - Saving localContacts
2016-12-02 11:37:17 INFO   addressbook.FileHandler saveToFile - Saving localContacts
2016-12-02 11:37:22 INFO   addressbook.FileHandler saveToFile - Saving localContacts
2016-12-02 11:37:27 INFO   addressbook.FileHandler saveToFile - Saving localContacts
2016-12-02 11:37:32 INFO   addressbook.FileHandler saveToFile - Saving localContacts
2016-12-02 11:37:37 INFO   addressbook.FileHandler saveToFile - Saving localContacts
2016-12-02 11:37:42 INFO   addressbook.FileHandler saveToFile - Saving localContacts
2016-12-02 11:37:47 INFO   addressbook.FileHandler saveToFile - Saving localContacts
2016-12-02 11:37:52 INFO   addressbook.FileHandler saveToFile - Saving localContacts
2016-12-02 11:37:57 INFO   addressbook.FileHandler saveToFile - Saving localContacts
2016-12-02 11:38:07 INFO   addressbook.UserInputHandler mainMenu - User starts the Address Book
2016-12-02 11:38:11 FIN    addressbook.Printer printAnSortedList - User looked at a list of all localContacts
2016-12-02 11:38:12 INFO   addressbook.FileHandler saveToFile - Saving localContacts
2016-12-02 11:38:17 INFO   addressbook.FileHandler saveToFile - Saving localContacts
2016-12-02 11:38:22 INFO   addressbook.FileHandler saveToFile - Saving localContacts
2016-12-02 11:38:27 INFO   addressbook.FileHandler saveToFile - Saving localContacts
2016-12-02 16:21:26 INFO   addressbook.UserInputHandler mainMenu - User starts the Address Book
2016-12-02 16:21:31 INFO   addressbook.FileHandler saveToFile - Saving localContacts
2016-12-02 16:21:36 INFO   addressbook.FileHandler saveToFile - Saving localContacts
2016-12-02 16:21:41 INFO   addressbook.FileHandler saveToFile - Saving localContacts
2016-12-02 16:21:46 INFO   addressbook.FileHandler saveToFile - Saving localContacts
2016-12-02 16:21:51 INFO   addressbook.FileHandler saveToFile - Saving localContacts
2016-12-02 16:21:56 INFO   addressbook.FileHandler saveToFile - Saving localContacts
2016-12-02 16:22:01 INFO   addressbook.FileHandler saveToFile - Saving localContacts
2016-12-02 16:22:01 FIN    addressbook.Printer printAnSortedList - User looked at a list of all localContacts
2016-12-02 16:22:06 INFO   addressbook.FileHandler saveToFile - Saving localContacts
2016-12-02 16:22:11 INFO   addressbook.FileHandler saveToFile - Saving localContacts
2016-12-02 16:22:16 INFO   addressbook.FileHandler saveToFile - Saving localContacts
2016-12-02 16:22:21 INFO   addressbook.FileHandler saveToFile - Saving localContacts
2016-12-02 16:22:26 INFO   addressbook.FileHandler saveToFile - Saving localContacts
2016-12-02 16:22:31 INFO   addressbook.FileHandler saveToFile - Saving localContacts
2016-12-02 16:22:36 INFO   addressbook.FileHandler saveToFile - Saving localContacts
2016-12-02 16:22:41 INFO   addressbook.FileHandler saveToFile - Saving localContacts
2016-12-02 16:22:46 INFO   addressbook.FileHandler saveToFile - Saving localContacts
2016-12-02 16:22:51 INFO   addressbook.FileHandler saveToFile - Saving localContacts
2016-12-02 16:22:56 INFO   addressbook.FileHandler saveToFile - Saving localContacts
2016-12-02 16:23:01 INFO   addressbook.FileHandler saveToFile - Saving localContacts
2016-12-02 16:23:06 INFO   addressbook.FileHandler saveToFile - Saving localContacts
2016-12-02 16:23:11 INFO   addressbook.FileHandler saveToFile - Saving localContacts
2016-12-02 16:23:14 FIN    addressbook.Register deleteContact - User deleted a contact with ID: ec168d38-81ca-4753-95ec-4cd923b59c8b
2016-12-02 16:23:16 INFO   addressbook.FileHandler saveToFile - Saving localContacts
2016-12-02 16:23:21 INFO   addressbook.FileHandler saveToFile - Saving localContacts
2016-12-02 16:23:24 FIN    addressbook.Printer printAnSortedList - User looked at a list of all localContacts
2016-12-02 16:23:26 INFO   addressbook.FileHandler saveToFile - Saving localContacts
2016-12-02 16:23:31 INFO   addressbook.FileHandler saveToFile - Saving localContacts
2016-12-02 16:23:36 INFO   addressbook.FileHandler saveToFile - Saving localContacts
2016-12-02 16:23:41 INFO   addressbook.FileHandler saveToFile - Saving localContacts
2016-12-02 16:23:46 INFO   addressbook.FileHandler saveToFile - Saving localContacts
2016-12-02 16:23:51 INFO   addressbook.FileHandler saveToFile - Saving localContacts
2016-12-02 16:23:54 FIN    addressbook.Register addContact - User added a new contact
2016-12-02 16:23:56 INFO   addressbook.FileHandler saveToFile - Saving localContacts
2016-12-02 16:23:57 FIN    addressbook.Printer printAnSortedList - User looked at a list of all localContacts
2016-12-02 16:24:01 INFO   addressbook.FileHandler saveToFile - Saving localContacts
2016-12-02 16:24:06 INFO   addressbook.FileHandler saveToFile - Saving localContacts
2016-12-02 16:24:11 INFO   addressbook.FileHandler saveToFile - Saving localContacts
2016-12-02 16:24:16 INFO   addressbook.FileHandler saveToFile - Saving localContacts
2016-12-02 16:24:21 INFO   addressbook.FileHandler saveToFile - Saving localContacts
2016-12-02 16:24:26 INFO   addressbook.FileHandler saveToFile - Saving localContacts
2016-12-02 16:24:31 INFO   addressbook.FileHandler saveToFile - Saving localContacts
2016-12-02 16:24:36 INFO   addressbook.FileHandler saveToFile - Saving localContacts
2016-12-02 16:24:41 INFO   addressbook.FileHandler saveToFile - Saving localContacts
2016-12-02 16:24:53 INFO   addressbook.UserInputHandler mainMenu - User starts the Address Book
2016-12-02 16:24:58 INFO   addressbook.FileHandler saveToFile - Saving localContacts
2016-12-02 16:25:03 INFO   addressbook.FileHandler saveToFile - Saving localContacts
2016-12-02 16:25:08 INFO   addressbook.FileHandler saveToFile - Saving localContacts
2016-12-02 16:25:13 INFO   addressbook.FileHandler saveToFile - Saving localContacts
2016-12-02 16:25:18 INFO   addressbook.FileHandler saveToFile - Saving localContacts
2016-12-02 16:25:23 INFO   addressbook.FileHandler saveToFile - Saving localContacts
2016-12-02 16:25:28 INFO   addressbook.FileHandler saveToFile - Saving localContacts
2016-12-02 16:25:33 INFO   addressbook.FileHandler saveToFile - Saving localContacts
2016-12-02 16:25:38 INFO   addressbook.FileHandler saveToFile - Saving localContacts
2016-12-02 16:25:43 INFO   addressbook.FileHandler saveToFile - Saving localContacts
2016-12-02 16:25:48 INFO   addressbook.FileHandler saveToFile - Saving localContacts
2016-12-02 16:25:53 INFO   addressbook.FileHandler saveToFile - Saving localContacts
2016-12-02 16:25:58 INFO   addressbook.FileHandler saveToFile - Saving localContacts
2016-12-02 16:26:03 INFO   addressbook.FileHandler saveToFile - Saving localContacts
2016-12-02 16:26:08 INFO   addressbook.FileHandler saveToFile - Saving localContacts
2016-12-02 16:26:13 INFO   addressbook.FileHandler saveToFile - Saving localContacts
2016-12-02 16:26:18 INFO   addressbook.FileHandler saveToFile - Saving localContacts
2016-12-02 16:26:23 INFO   addressbook.FileHandler saveToFile - Saving localContacts
2016-12-02 16:26:28 INFO   addressbook.FileHandler saveToFile - Saving localContacts
2016-12-02 16:26:33 INFO   addressbook.FileHandler saveToFile - Saving localContacts
2016-12-02 16:26:38 INFO   addressbook.FileHandler saveToFile - Saving localContacts
2016-12-02 16:26:43 INFO   addressbook.FileHandler saveToFile - Saving localContacts
2016-12-02 16:26:48 INFO   addressbook.FileHandler saveToFile - Saving localContacts
2016-12-02 16:26:53 INFO   addressbook.FileHandler saveToFile - Saving localContacts
2016-12-02 16:26:58 INFO   addressbook.FileHandler saveToFile - Saving localContacts
2016-12-02 16:27:03 INFO   addressbook.FileHandler saveToFile - Saving localContacts
2016-12-02 16:27:08 INFO   addressbook.FileHandler saveToFile - Saving localContacts
2016-12-02 16:27:13 INFO   addressbook.FileHandler saveToFile - Saving localContacts
2016-12-02 16:27:18 INFO   addressbook.FileHandler saveToFile - Saving localContacts
2016-12-02 16:27:23 INFO   addressbook.FileHandler saveToFile - Saving localContacts
2016-12-02 16:27:28 INFO   addressbook.FileHandler saveToFile - Saving localContacts
2016-12-02 16:27:33 INFO   addressbook.FileHandler saveToFile - Saving localContacts
2016-12-02 16:27:38 INFO   addressbook.FileHandler saveToFile - Saving localContacts
2016-12-02 16:27:43 INFO   addressbook.FileHandler saveToFile - Saving localContacts
2016-12-02 16:27:48 INFO   addressbook.FileHandler saveToFile - Saving localContacts
2016-12-02 16:27:53 INFO   addressbook.FileHandler saveToFile - Saving localContacts
2016-12-02 16:27:58 INFO   addressbook.FileHandler saveToFile - Saving localContacts
2016-12-02 16:28:03 INFO   addressbook.FileHandler saveToFile - Saving localContacts
2016-12-02 16:28:08 INFO   addressbook.FileHandler saveToFile - Saving localContacts
2016-12-02 16:28:13 INFO   addressbook.FileHandler saveToFile - Saving localContacts
2016-12-02 16:28:18 INFO   addressbook.FileHandler saveToFile - Saving localContacts
2016-12-02 16:28:23 INFO   addressbook.FileHandler saveToFile - Saving localContacts
2016-12-02 16:28:28 INFO   addressbook.FileHandler saveToFile - Saving localContacts
2016-12-02 16:28:33 INFO   addressbook.FileHandler saveToFile - Saving localContacts
2016-12-02 16:28:38 INFO   addressbook.FileHandler saveToFile - Saving localContacts
2016-12-02 16:28:43 INFO   addressbook.FileHandler saveToFile - Saving localContacts
2016-12-02 16:28:48 INFO   addressbook.FileHandler saveToFile - Saving localContacts
2016-12-02 16:28:53 INFO   addressbook.FileHandler saveToFile - Saving localContacts
2016-12-02 16:28:58 INFO   addressbook.FileHandler saveToFile - Saving localContacts
2016-12-02 16:29:03 INFO   addressbook.FileHandler saveToFile - Saving localContacts
2016-12-02 16:29:08 INFO   addressbook.FileHandler saveToFile - Saving localContacts
2016-12-02 16:29:13 INFO   addressbook.FileHandler saveToFile - Saving localContacts
2016-12-02 16:29:18 INFO   addressbook.FileHandler saveToFile - Saving localContacts
2016-12-02 16:29:23 INFO   addressbook.FileHandler saveToFile - Saving localContacts
2016-12-02 16:29:28 INFO   addressbook.FileHandler saveToFile - Saving localContacts
2016-12-02 16:29:33 INFO   addressbook.FileHandler saveToFile - Saving localContacts
2016-12-02 16:29:38 INFO   addressbook.FileHandler saveToFile - Saving localContacts
2016-12-02 16:29:43 INFO   addressbook.FileHandler saveToFile - Saving localContacts
2016-12-02 16:29:48 INFO   addressbook.FileHandler saveToFile - Saving localContacts
2016-12-02 16:29:53 INFO   addressbook.FileHandler saveToFile - Saving localContacts
2016-12-02 16:29:58 INFO   addressbook.FileHandler saveToFile - Saving localContacts
2016-12-02 16:30:03 INFO   addressbook.FileHandler saveToFile - Saving localContacts
2016-12-02 16:30:08 INFO   addressbook.FileHandler saveToFile - Saving localContacts
2016-12-02 16:30:13 INFO   addressbook.FileHandler saveToFile - Saving localContacts
2016-12-02 16:30:18 INFO   addressbook.FileHandler saveToFile - Saving localContacts
2016-12-02 16:30:23 INFO   addressbook.FileHandler saveToFile - Saving localContacts
2016-12-02 16:30:28 INFO   addressbook.FileHandler saveToFile - Saving localContacts
2016-12-02 16:30:33 INFO   addressbook.FileHandler saveToFile - Saving localContacts
2016-12-02 16:30:38 INFO   addressbook.FileHandler saveToFile - Saving localContacts
2016-12-02 16:30:43 INFO   addressbook.FileHandler saveToFile - Saving localContacts
2016-12-02 16:30:48 INFO   addressbook.FileHandler saveToFile - Saving localContacts
2016-12-02 16:30:53 INFO   addressbook.FileHandler saveToFile - Saving localContacts
2016-12-02 16:30:58 INFO   addressbook.FileHandler saveToFile - Saving localContacts
2016-12-02 16:31:03 INFO   addressbook.FileHandler saveToFile - Saving localContacts
2016-12-02 16:31:08 INFO   addressbook.FileHandler saveToFile - Saving localContacts
2016-12-02 16:31:13 INFO   addressbook.FileHandler saveToFile - Saving localContacts
2016-12-02 16:31:18 INFO   addressbook.FileHandler saveToFile - Saving localContacts
2016-12-02 16:31:23 INFO   addressbook.FileHandler saveToFile - Saving localContacts
2016-12-02 16:31:28 INFO   addressbook.FileHandler saveToFile - Saving localContacts
2016-12-02 16:31:33 INFO   addressbook.FileHandler saveToFile - Saving localContacts
2016-12-02 16:31:38 INFO   addressbook.FileHandler saveToFile - Saving localContacts
2016-12-02 16:31:43 INFO   addressbook.FileHandler saveToFile - Saving localContacts
2016-12-02 16:31:48 INFO   addressbook.FileHandler saveToFile - Saving localContacts
2016-12-02 16:31:53 INFO   addressbook.FileHandler saveToFile - Saving localContacts
2016-12-02 16:31:58 INFO   addressbook.FileHandler saveToFile - Saving localContacts
2016-12-02 16:32:03 INFO   addressbook.FileHandler saveToFile - Saving localContacts
2016-12-02 16:32:08 INFO   addressbook.FileHandler saveToFile - Saving localContacts
2016-12-02 16:32:13 INFO   addressbook.FileHandler saveToFile - Saving localContacts
2016-12-02 16:32:18 INFO   addressbook.FileHandler saveToFile - Saving localContacts
2016-12-02 16:32:23 INFO   addressbook.FileHandler saveToFile - Saving localContacts
2016-12-02 16:32:28 INFO   addressbook.FileHandler saveToFile - Saving localContacts
2016-12-02 16:32:33 INFO   addressbook.FileHandler saveToFile - Saving localContacts
2016-12-02 16:32:39 INFO   addressbook.FileHandler saveToFile - Saving localContacts
2016-12-02 16:32:44 INFO   addressbook.FileHandler saveToFile - Saving localContacts
2016-12-02 16:32:49 INFO   addressbook.FileHandler saveToFile - Saving localContacts
2016-12-02 16:32:54 INFO   addressbook.FileHandler saveToFile - Saving localContacts
2016-12-02 16:32:59 INFO   addressbook.FileHandler saveToFile - Saving localContacts
2016-12-02 16:33:04 INFO   addressbook.FileHandler saveToFile - Saving localContacts
2016-12-02 16:33:09 INFO   addressbook.FileHandler saveToFile - Saving localContacts
2016-12-02 16:33:14 INFO   addressbook.FileHandler saveToFile - Saving localContacts
2016-12-02 16:33:19 INFO   addressbook.FileHandler saveToFile - Saving localContacts
2016-12-02 16:33:24 INFO   addressbook.FileHandler saveToFile - Saving localContacts
2016-12-02 16:33:29 INFO   addressbook.FileHandler saveToFile - Saving localContacts
2016-12-02 16:33:34 INFO   addressbook.FileHandler saveToFile - Saving localContacts
2016-12-02 16:33:39 INFO   addressbook.FileHandler saveToFile - Saving localContacts
2016-12-02 16:33:44 INFO   addressbook.FileHandler saveToFile - Saving localContacts
2016-12-02 16:33:49 INFO   addressbook.FileHandler saveToFile - Saving localContacts
2016-12-02 16:33:54 INFO   addressbook.FileHandler saveToFile - Saving localContacts
2016-12-02 16:33:59 INFO   addressbook.FileHandler saveToFile - Saving localContacts
2016-12-02 16:34:04 INFO   addressbook.FileHandler saveToFile - Saving localContacts
2016-12-02 16:34:09 INFO   addressbook.FileHandler saveToFile - Saving localContacts
2016-12-02 16:34:14 INFO   addressbook.FileHandler saveToFile - Saving localContacts
2016-12-02 16:34:19 INFO   addressbook.FileHandler saveToFile - Saving localContacts
2016-12-02 16:34:24 INFO   addressbook.FileHandler saveToFile - Saving localContacts
2016-12-02 16:34:29 INFO   addressbook.FileHandler saveToFile - Saving localContacts
2016-12-02 16:34:34 INFO   addressbook.FileHandler saveToFile - Saving localContacts
2016-12-02 16:34:39 INFO   addressbook.FileHandler saveToFile - Saving localContacts
2016-12-02 16:34:44 INFO   addressbook.FileHandler saveToFile - Saving localContacts
2016-12-02 16:34:49 INFO   addressbook.FileHandler saveToFile - Saving localContacts
2016-12-02 16:34:54 INFO   addressbook.FileHandler saveToFile - Saving localContacts
2016-12-02 16:34:59 INFO   addressbook.FileHandler saveToFile - Saving localContacts
2016-12-02 16:35:04 INFO   addressbook.FileHandler saveToFile - Saving localContacts
2016-12-02 16:35:09 INFO   addressbook.FileHandler saveToFile - Saving localContacts
2016-12-02 16:35:14 INFO   addressbook.FileHandler saveToFile - Saving localContacts
2016-12-02 16:35:19 INFO   addressbook.FileHandler saveToFile - Saving localContacts
2016-12-02 16:35:24 INFO   addressbook.FileHandler saveToFile - Saving localContacts
2016-12-02 16:35:29 INFO   addressbook.FileHandler saveToFile - Saving localContacts
2016-12-02 16:35:34 INFO   addressbook.FileHandler saveToFile - Saving localContacts
2016-12-02 16:35:39 INFO   addressbook.FileHandler saveToFile - Saving localContacts
2016-12-02 16:35:44 INFO   addressbook.FileHandler saveToFile - Saving localContacts
2016-12-02 16:35:49 INFO   addressbook.FileHandler saveToFile - Saving localContacts
2016-12-02 16:35:54 INFO   addressbook.FileHandler saveToFile - Saving localContacts
2016-12-02 16:35:59 INFO   addressbook.FileHandler saveToFile - Saving localContacts
2016-12-02 16:36:04 INFO   addressbook.FileHandler saveToFile - Saving localContacts
2016-12-02 16:36:09 INFO   addressbook.FileHandler saveToFile - Saving localContacts
2016-12-02 16:36:14 INFO   addressbook.FileHandler saveToFile - Saving localContacts
2016-12-02 16:36:19 INFO   addressbook.FileHandler saveToFile - Saving localContacts
2016-12-02 16:36:24 INFO   addressbook.FileHandler saveToFile - Saving localContacts
2016-12-02 16:36:29 INFO   addressbook.FileHandler saveToFile - Saving localContacts
2016-12-02 16:36:34 INFO   addressbook.FileHandler saveToFile - Saving localContacts
2016-12-02 16:36:39 INFO   addressbook.FileHandler saveToFile - Saving localContacts
2016-12-02 16:36:44 INFO   addressbook.FileHandler saveToFile - Saving localContacts
2016-12-02 16:36:49 INFO   addressbook.FileHandler saveToFile - Saving localContacts
2016-12-02 16:36:54 INFO   addressbook.FileHandler saveToFile - Saving localContacts
2016-12-02 16:36:59 INFO   addressbook.FileHandler saveToFile - Saving localContacts
2016-12-02 16:37:04 INFO   addressbook.FileHandler saveToFile - Saving localContacts
2016-12-02 16:37:09 INFO   addressbook.FileHandler saveToFile - Saving localContacts
2016-12-02 16:37:14 INFO   addressbook.FileHandler saveToFile - Saving localContacts
2016-12-02 16:37:19 INFO   addressbook.FileHandler saveToFile - Saving localContacts
2016-12-02 16:37:24 INFO   addressbook.FileHandler saveToFile - Saving localContacts
2016-12-02 16:37:29 INFO   addressbook.FileHandler saveToFile - Saving localContacts
2016-12-02 16:37:34 INFO   addressbook.FileHandler saveToFile - Saving localContacts
2016-12-02 16:37:39 INFO   addressbook.FileHandler saveToFile - Saving localContacts
2016-12-02 16:37:44 INFO   addressbook.FileHandler saveToFile - Saving localContacts
2016-12-02 16:37:49 INFO   addressbook.FileHandler saveToFile - Saving localContacts
2016-12-02 16:37:54 INFO   addressbook.FileHandler saveToFile - Saving localContacts
2016-12-02 16:37:59 INFO   addressbook.FileHandler saveToFile - Saving localContacts
2016-12-02 16:38:04 INFO   addressbook.FileHandler saveToFile - Saving localContacts
2016-12-02 16:38:09 INFO   addressbook.FileHandler saveToFile - Saving localContacts
2016-12-02 16:38:14 INFO   addressbook.FileHandler saveToFile - Saving localContacts
2016-12-02 16:38:19 INFO   addressbook.FileHandler saveToFile - Saving localContacts
2016-12-02 16:38:24 INFO   addressbook.FileHandler saveToFile - Saving localContacts
2016-12-02 16:38:29 INFO   addressbook.FileHandler saveToFile - Saving localContacts
2016-12-02 16:38:34 INFO   addressbook.FileHandler saveToFile - Saving localContacts
2016-12-02 16:38:39 INFO   addressbook.FileHandler saveToFile - Saving localContacts
2016-12-02 16:38:44 INFO   addressbook.FileHandler saveToFile - Saving localContacts
2016-12-02 16:38:49 INFO   addressbook.FileHandler saveToFile - Saving localContacts
2016-12-02 16:38:54 INFO   addressbook.FileHandler saveToFile - Saving localContacts
2016-12-02 16:38:59 INFO   addressbook.FileHandler saveToFile - Saving localContacts
2016-12-02 16:39:04 INFO   addressbook.FileHandler saveToFile - Saving localContacts
2016-12-02 16:39:09 INFO   addressbook.FileHandler saveToFile - Saving localContacts
2016-12-02 16:39:14 INFO   addressbook.FileHandler saveToFile - Saving localContacts
2016-12-02 16:39:19 INFO   addressbook.FileHandler saveToFile - Saving localContacts
2016-12-02 16:39:24 INFO   addressbook.FileHandler saveToFile - Saving localContacts
2016-12-02 16:39:29 INFO   addressbook.FileHandler saveToFile - Saving localContacts
2016-12-02 16:39:34 INFO   addressbook.FileHandler saveToFile - Saving localContacts
2016-12-02 16:39:39 INFO   addressbook.FileHandler saveToFile - Saving localContacts
2016-12-02 16:39:44 INFO   addressbook.FileHandler saveToFile - Saving localContacts
2016-12-02 16:39:49 INFO   addressbook.FileHandler saveToFile - Saving localContacts
2016-12-02 16:39:54 INFO   addressbook.FileHandler saveToFile - Saving localContacts
2016-12-02 16:39:59 INFO   addressbook.FileHandler saveToFile - Saving localContacts
2016-12-02 16:40:04 INFO   addressbook.FileHandler saveToFile - Saving localContacts
2016-12-02 16:40:09 INFO   addressbook.FileHandler saveToFile - Saving localContacts
2016-12-02 16:40:14 INFO   addressbook.FileHandler saveToFile - Saving localContacts
2016-12-02 16:40:19 INFO   addressbook.FileHandler saveToFile - Saving localContacts
2016-12-02 16:40:24 INFO   addressbook.FileHandler saveToFile - Saving localContacts
2016-12-02 16:40:29 INFO   addressbook.FileHandler saveToFile - Saving localContacts
2016-12-02 16:40:34 INFO   addressbook.FileHandler saveToFile - Saving localContacts
2016-12-02 16:40:39 INFO   addressbook.FileHandler saveToFile - Saving localContacts
2016-12-02 16:40:44 INFO   addressbook.FileHandler saveToFile - Saving localContacts
2016-12-02 16:40:49 INFO   addressbook.FileHandler saveToFile - Saving localContacts
2016-12-02 16:40:54 INFO   addressbook.FileHandler saveToFile - Saving localContacts
2016-12-02 16:40:59 INFO   addressbook.FileHandler saveToFile - Saving localContacts
2016-12-02 16:41:04 INFO   addressbook.FileHandler saveToFile - Saving localContacts
2016-12-02 16:41:09 INFO   addressbook.FileHandler saveToFile - Saving localContacts
2016-12-02 16:41:14 INFO   addressbook.FileHandler saveToFile - Saving localContacts
2016-12-02 16:41:19 INFO   addressbook.FileHandler saveToFile - Saving localContacts
2016-12-02 16:41:24 INFO   addressbook.FileHandler saveToFile - Saving localContacts
2016-12-02 16:41:29 INFO   addressbook.FileHandler saveToFile - Saving localContacts
2016-12-02 16:41:34 INFO   addressbook.FileHandler saveToFile - Saving localContacts
2016-12-02 16:41:39 INFO   addressbook.FileHandler saveToFile - Saving localContacts
2016-12-02 16:41:44 INFO   addressbook.FileHandler saveToFile - Saving localContacts
2016-12-02 16:41:49 INFO   addressbook.FileHandler saveToFile - Saving localContacts
2016-12-02 16:41:54 INFO   addressbook.FileHandler saveToFile - Saving localContacts
2016-12-02 16:41:59 INFO   addressbook.FileHandler saveToFile - Saving localContacts
2016-12-02 16:42:04 INFO   addressbook.FileHandler saveToFile - Saving localContacts
2016-12-02 16:42:09 INFO   addressbook.FileHandler saveToFile - Saving localContacts
2016-12-02 16:42:14 INFO   addressbook.FileHandler saveToFile - Saving localContacts
2016-12-02 16:42:20 INFO   addressbook.FileHandler saveToFile - Saving localContacts
2016-12-02 16:42:25 INFO   addressbook.FileHandler saveToFile - Saving localContacts
2016-12-02 16:42:30 INFO   addressbook.FileHandler saveToFile - Saving localContacts
2016-12-02 16:42:35 INFO   addressbook.FileHandler saveToFile - Saving localContacts
2016-12-02 16:42:40 INFO   addressbook.FileHandler saveToFile - Saving localContacts
2016-12-02 16:42:45 INFO   addressbook.FileHandler saveToFile - Saving localContacts
2016-12-02 16:42:50 INFO   addressbook.FileHandler saveToFile - Saving localContacts
2016-12-02 16:42:55 INFO   addressbook.FileHandler saveToFile - Saving localContacts
2016-12-02 16:43:00 INFO   addressbook.FileHandler saveToFile - Saving localContacts
2016-12-02 16:43:05 INFO   addressbook.FileHandler saveToFile - Saving localContacts
2016-12-02 16:43:10 INFO   addressbook.FileHandler saveToFile - Saving localContacts
2016-12-02 16:43:15 INFO   addressbook.FileHandler saveToFile - Saving localContacts
2016-12-02 16:43:20 INFO   addressbook.FileHandler saveToFile - Saving localContacts
2016-12-02 16:43:25 INFO   addressbook.FileHandler saveToFile - Saving localContacts
2016-12-02 16:43:30 INFO   addressbook.FileHandler saveToFile - Saving localContacts
2016-12-02 16:43:35 INFO   addressbook.FileHandler saveToFile - Saving localContacts
2016-12-02 16:43:40 INFO   addressbook.FileHandler saveToFile - Saving localContacts
2016-12-02 16:43:45 INFO   addressbook.FileHandler saveToFile - Saving localContacts
2016-12-02 16:43:50 INFO   addressbook.FileHandler saveToFile - Saving localContacts
2016-12-02 16:43:55 INFO   addressbook.FileHandler saveToFile - Saving localContacts
2016-12-02 16:44:00 INFO   addressbook.FileHandler saveToFile - Saving localContacts
2016-12-02 16:44:05 INFO   addressbook.FileHandler saveToFile - Saving localContacts
2016-12-02 16:44:10 INFO   addressbook.FileHandler saveToFile - Saving localContacts
2016-12-02 16:44:15 INFO   addressbook.FileHandler saveToFile - Saving localContacts
2016-12-02 16:44:20 INFO   addressbook.FileHandler saveToFile - Saving localContacts
2016-12-02 16:44:25 INFO   addressbook.FileHandler saveToFile - Saving localContacts
2016-12-02 16:44:30 INFO   addressbook.FileHandler saveToFile - Saving localContacts
2016-12-02 16:44:35 INFO   addressbook.FileHandler saveToFile - Saving localContacts
2016-12-02 16:44:40 INFO   addressbook.FileHandler saveToFile - Saving localContacts
2016-12-02 16:44:45 INFO   addressbook.FileHandler saveToFile - Saving localContacts
2016-12-02 16:44:50 INFO   addressbook.FileHandler saveToFile - Saving localContacts
2016-12-02 16:44:55 INFO   addressbook.FileHandler saveToFile - Saving localContacts
2016-12-02 16:45:00 INFO   addressbook.FileHandler saveToFile - Saving localContacts
2016-12-02 16:45:05 INFO   addressbook.FileHandler saveToFile - Saving localContacts
2016-12-02 16:45:10 INFO   addressbook.FileHandler saveToFile - Saving localContacts
2016-12-02 16:45:15 INFO   addressbook.FileHandler saveToFile - Saving localContacts
2016-12-02 16:45:20 INFO   addressbook.FileHandler saveToFile - Saving localContacts
2016-12-02 16:45:25 INFO   addressbook.FileHandler saveToFile - Saving localContacts
2016-12-02 16:45:30 INFO   addressbook.FileHandler saveToFile - Saving localContacts
2016-12-02 16:45:35 INFO   addressbook.FileHandler saveToFile - Saving localContacts
2016-12-02 16:45:40 INFO   addressbook.FileHandler saveToFile - Saving localContacts
2016-12-02 16:45:45 INFO   addressbook.FileHandler saveToFile - Saving localContacts
2016-12-02 16:45:50 INFO   addressbook.FileHandler saveToFile - Saving localContacts
2016-12-02 16:45:55 INFO   addressbook.FileHandler saveToFile - Saving localContacts
2016-12-02 16:46:00 INFO   addressbook.FileHandler saveToFile - Saving localContacts
2016-12-02 16:46:05 INFO   addressbook.FileHandler saveToFile - Saving localContacts
2016-12-02 16:46:10 INFO   addressbook.FileHandler saveToFile - Saving localContacts
2016-12-02 16:46:15 INFO   addressbook.FileHandler saveToFile - Saving localContacts
2016-12-02 16:46:20 INFO   addressbook.FileHandler saveToFile - Saving localContacts
2016-12-02 16:46:25 INFO   addressbook.FileHandler saveToFile - Saving localContacts
2016-12-02 16:46:30 INFO   addressbook.FileHandler saveToFile - Saving localContacts
2016-12-02 16:46:35 INFO   addressbook.FileHandler saveToFile - Saving localContacts
2016-12-02 16:46:40 INFO   addressbook.FileHandler saveToFile - Saving localContacts
2016-12-02 16:46:45 INFO   addressbook.FileHandler saveToFile - Saving localContacts
2016-12-02 16:46:50 INFO   addressbook.FileHandler saveToFile - Saving localContacts
2016-12-02 16:46:55 INFO   addressbook.FileHandler saveToFile - Saving localContacts
2016-12-02 16:47:00 INFO   addressbook.FileHandler saveToFile - Saving localContacts
2016-12-02 16:47:05 INFO   addressbook.FileHandler saveToFile - Saving localContacts
2016-12-02 16:47:10 INFO   addressbook.FileHandler saveToFile - Saving localContacts
2016-12-02 16:47:15 INFO   addressbook.FileHandler saveToFile - Saving localContacts
2016-12-02 16:47:20 INFO   addressbook.FileHandler saveToFile - Saving localContacts
2016-12-02 16:47:25 INFO   addressbook.FileHandler saveToFile - Saving localContacts
2016-12-02 16:47:30 INFO   addressbook.FileHandler saveToFile - Saving localContacts
2016-12-02 16:47:35 INFO   addressbook.FileHandler saveToFile - Saving localContacts
2016-12-02 16:47:40 INFO   addressbook.FileHandler saveToFile - Saving localContacts
2016-12-02 16:47:45 INFO   addressbook.FileHandler saveToFile - Saving localContacts
2016-12-02 16:47:50 INFO   addressbook.FileHandler saveToFile - Saving localContacts
2016-12-02 16:47:55 INFO   addressbook.FileHandler saveToFile - Saving localContacts
2016-12-02 16:48:00 INFO   addressbook.FileHandler saveToFile - Saving localContacts
2016-12-02 16:48:05 INFO   addressbook.FileHandler saveToFile - Saving localContacts
2016-12-02 16:48:10 INFO   addressbook.FileHandler saveToFile - Saving localContacts
2016-12-02 16:48:15 INFO   addressbook.FileHandler saveToFile - Saving localContacts
2016-12-02 16:48:20 INFO   addressbook.FileHandler saveToFile - Saving localContacts
2016-12-02 16:48:25 INFO   addressbook.FileHandler saveToFile - Saving localContacts
2016-12-02 16:48:30 INFO   addressbook.FileHandler saveToFile - Saving localContacts
2016-12-02 16:48:35 INFO   addressbook.FileHandler saveToFile - Saving localContacts
2016-12-02 16:48:40 INFO   addressbook.FileHandler saveToFile - Saving localContacts
2016-12-02 16:48:45 INFO   addressbook.FileHandler saveToFile - Saving localContacts
2016-12-02 16:48:50 INFO   addressbook.FileHandler saveToFile - Saving localContacts
2016-12-02 16:48:55 INFO   addressbook.FileHandler saveToFile - Saving localContacts
2016-12-02 16:49:00 INFO   addressbook.FileHandler saveToFile - Saving localContacts
2016-12-02 16:49:05 INFO   addressbook.FileHandler saveToFile - Saving localContacts
2016-12-02 16:49:10 INFO   addressbook.FileHandler saveToFile - Saving localContacts
2016-12-02 16:49:15 INFO   addressbook.FileHandler saveToFile - Saving localContacts
2016-12-02 16:49:20 INFO   addressbook.FileHandler saveToFile - Saving localContacts
2016-12-02 16:49:25 INFO   addressbook.FileHandler saveToFile - Saving localContacts
2016-12-02 16:49:30 INFO   addressbook.FileHandler saveToFile - Saving localContacts
2016-12-02 16:49:35 INFO   addressbook.FileHandler saveToFile - Saving localContacts
2016-12-02 16:49:40 INFO   addressbook.FileHandler saveToFile - Saving localContacts
2016-12-02 16:49:45 INFO   addressbook.FileHandler saveToFile - Saving localContacts
2016-12-02 16:49:50 INFO   addressbook.FileHandler saveToFile - Saving localContacts
2016-12-02 16:49:55 INFO   addressbook.FileHandler saveToFile - Saving localContacts
2016-12-02 16:50:00 INFO   addressbook.FileHandler saveToFile - Saving localContacts
2016-12-02 16:50:05 INFO   addressbook.FileHandler saveToFile - Saving localContacts
2016-12-02 16:50:10 INFO   addressbook.FileHandler saveToFile - Saving localContacts
2016-12-02 16:50:15 INFO   addressbook.FileHandler saveToFile - Saving localContacts
2016-12-02 16:50:20 INFO   addressbook.FileHandler saveToFile - Saving localContacts
2016-12-02 16:50:25 INFO   addressbook.FileHandler saveToFile - Saving localContacts
2016-12-02 16:50:30 INFO   addressbook.FileHandler saveToFile - Saving localContacts
2016-12-02 16:50:35 INFO   addressbook.FileHandler saveToFile - Saving localContacts
2016-12-02 16:50:40 INFO   addressbook.FileHandler saveToFile - Saving localContacts
2016-12-02 16:50:45 INFO   addressbook.FileHandler saveToFile - Saving localContacts
2016-12-02 16:50:50 INFO   addressbook.FileHandler saveToFile - Saving localContacts
2016-12-02 16:50:55 INFO   addressbook.FileHandler saveToFile - Saving localContacts
2016-12-02 16:51:00 INFO   addressbook.FileHandler saveToFile - Saving localContacts
2016-12-02 16:51:05 INFO   addressbook.FileHandler saveToFile - Saving localContacts
2016-12-02 16:51:10 INFO   addressbook.FileHandler saveToFile - Saving localContacts
2016-12-02 16:51:15 INFO   addressbook.FileHandler saveToFile - Saving localContacts
2016-12-02 16:51:20 INFO   addressbook.FileHandler saveToFile - Saving localContacts
2016-12-02 16:51:25 INFO   addressbook.FileHandler saveToFile - Saving localContacts
2016-12-02 16:51:30 INFO   addressbook.FileHandler saveToFile - Saving localContacts
2016-12-02 16:51:35 INFO   addressbook.FileHandler saveToFile - Saving localContacts
2016-12-02 16:51:40 INFO   addressbook.FileHandler saveToFile - Saving localContacts
2016-12-02 16:51:45 INFO   addressbook.FileHandler saveToFile - Saving localContacts
2016-12-02 16:51:51 INFO   addressbook.FileHandler saveToFile - Saving localContacts
2016-12-02 16:51:56 INFO   addressbook.FileHandler saveToFile - Saving localContacts
2016-12-02 16:52:01 INFO   addressbook.FileHandler saveToFile - Saving localContacts
2016-12-02 16:52:06 INFO   addressbook.FileHandler saveToFile - Saving localContacts
2016-12-02 16:52:11 INFO   addressbook.FileHandler saveToFile - Saving localContacts
2016-12-02 16:52:16 INFO   addressbook.FileHandler saveToFile - Saving localContacts
2016-12-02 16:52:21 INFO   addressbook.FileHandler saveToFile - Saving localContacts
2016-12-02 16:52:26 INFO   addressbook.FileHandler saveToFile - Saving localContacts
2016-12-02 16:52:31 INFO   addressbook.FileHandler saveToFile - Saving localContacts
2016-12-02 16:52:36 INFO   addressbook.FileHandler saveToFile - Saving localContacts
2016-12-02 16:52:41 INFO   addressbook.FileHandler saveToFile - Saving localContacts
2016-12-02 16:52:46 INFO   addressbook.FileHandler saveToFile - Saving localContacts
2016-12-02 16:52:51 INFO   addressbook.FileHandler saveToFile - Saving localContacts
2016-12-02 16:52:56 INFO   addressbook.FileHandler saveToFile - Saving localContacts
2016-12-02 16:53:01 INFO   addressbook.FileHandler saveToFile - Saving localContacts
2016-12-02 16:53:06 INFO   addressbook.FileHandler saveToFile - Saving localContacts
2016-12-02 16:53:11 INFO   addressbook.FileHandler saveToFile - Saving localContacts
2016-12-02 16:53:16 INFO   addressbook.FileHandler saveToFile - Saving localContacts
2016-12-02 16:53:21 INFO   addressbook.FileHandler saveToFile - Saving localContacts
2016-12-02 16:53:26 INFO   addressbook.FileHandler saveToFile - Saving localContacts
2016-12-02 16:53:31 INFO   addressbook.FileHandler saveToFile - Saving localContacts
2016-12-02 16:53:36 INFO   addressbook.FileHandler saveToFile - Saving localContacts
2016-12-02 16:53:41 INFO   addressbook.FileHandler saveToFile - Saving localContacts
2016-12-02 16:53:46 INFO   addressbook.FileHandler saveToFile - Saving localContacts
2016-12-02 16:53:51 INFO   addressbook.FileHandler saveToFile - Saving localContacts
2016-12-02 16:53:56 INFO   addressbook.FileHandler saveToFile - Saving localContacts
2016-12-02 16:54:01 INFO   addressbook.FileHandler saveToFile - Saving localContacts
2016-12-02 16:54:06 INFO   addressbook.FileHandler saveToFile - Saving localContacts
2016-12-02 16:54:11 INFO   addressbook.FileHandler saveToFile - Saving localContacts
2016-12-02 16:54:16 INFO   addressbook.FileHandler saveToFile - Saving localContacts
2016-12-02 16:54:21 INFO   addressbook.FileHandler saveToFile - Saving localContacts
2016-12-02 16:54:26 INFO   addressbook.FileHandler saveToFile - Saving localContacts
2016-12-02 16:54:31 INFO   addressbook.FileHandler saveToFile - Saving localContacts
2016-12-02 16:54:36 INFO   addressbook.FileHandler saveToFile - Saving localContacts
2016-12-02 16:54:41 INFO   addressbook.FileHandler saveToFile - Saving localContacts
2016-12-02 16:54:46 INFO   addressbook.FileHandler saveToFile - Saving localContacts
2016-12-02 16:54:51 INFO   addressbook.FileHandler saveToFile - Saving localContacts
2016-12-02 16:54:56 INFO   addressbook.FileHandler saveToFile - Saving localContacts
2016-12-02 16:55:01 INFO   addressbook.FileHandler saveToFile - Saving localContacts
2016-12-02 16:55:06 INFO   addressbook.FileHandler saveToFile - Saving localContacts
2016-12-02 17:10:11 INFO   addressbook.FileHandler saveToFile - Saving localContacts
2016-12-03 10:32:15 INFO   addressbook.FileHandler saveToFile - Saving localContacts
2016-12-03 10:32:20 INFO   addressbook.FileHandler saveToFile - Saving localContacts
2016-12-03 10:32:25 INFO   addressbook.FileHandler saveToFile - Saving localContacts
2016-12-03 10:32:30 INFO   addressbook.FileHandler saveToFile - Saving localContacts
2016-12-03 10:32:35 INFO   addressbook.FileHandler saveToFile - Saving localContacts
2016-12-03 10:32:40 INFO   addressbook.FileHandler saveToFile - Saving localContacts
2016-12-03 10:32:48 INFO   addressbook.UserInputHandler mainMenu - User starts the Address Book
2016-12-03 10:32:53 INFO   addressbook.FileHandler saveToFile - Saving localContacts
2016-12-03 10:32:54 FIN    addressbook.Printer printAnSortedList - User looked at a list of all localContacts
2016-12-03 10:32:58 INFO   addressbook.FileHandler saveToFile - Saving localContacts
